{"/Users/ademisler/Documents/GitHub/toolary/extension/core/constants.js": {"path":"/Users/ademisler/Documents/GitHub/toolary/extension/core/constants.js","statementMap":{"0":{"start":{"line":1,"column":31},"end":{"line":26,"column":2}},"1":{"start":{"line":28,"column":38},"end":{"line":32,"column":1}},"2":{"start":{"line":30,"column":20},"end":{"line":30,"column":37}},"3":{"start":{"line":31,"column":21},"end":{"line":31,"column":32}},"4":{"start":{"line":34,"column":29},"end":{"line":45,"column":2}},"5":{"start":{"line":47,"column":33},"end":{"line":51,"column":2}},"6":{"start":{"line":53,"column":34},"end":{"line":53,"column":40}}},"fnMap":{"0":{"name":"(anonymous_0)","decl":{"start":{"line":30,"column":10},"end":{"line":30,"column":11}},"loc":{"start":{"line":30,"column":20},"end":{"line":30,"column":37}},"line":30},"1":{"name":"(anonymous_1)","decl":{"start":{"line":31,"column":9},"end":{"line":31,"column":10}},"loc":{"start":{"line":31,"column":21},"end":{"line":31,"column":32}},"line":31}},"branchMap":{},"s":{"0":10,"1":10,"2":30,"3":40,"4":10,"5":10,"6":10},"f":{"0":30,"1":40},"b":{},"_coverageSchema":"1a1c01bbd47fc00a2c39e90264f33305004495a9","hash":"77f91b503184c75cfce80d60fea4d147795fbea4"}
,"/Users/ademisler/Documents/GitHub/toolary/extension/core/messageRouter.js": {"path":"/Users/ademisler/Documents/GitHub/toolary/extension/core/messageRouter.js","statementMap":{"0":{"start":{"line":4,"column":2},"end":{"line":4,"column":27}},"1":{"start":{"line":8,"column":2},"end":{"line":8,"column":66}},"2":{"start":{"line":12,"column":2},"end":{"line":14,"column":3}},"3":{"start":{"line":13,"column":4},"end":{"line":13,"column":63}},"4":{"start":{"line":15,"column":2},"end":{"line":15,"column":70}},"5":{"start":{"line":19,"column":2},"end":{"line":59,"column":5}},"6":{"start":{"line":20,"column":20},"end":{"line":20,"column":43}},"7":{"start":{"line":21,"column":4},"end":{"line":23,"column":5}},"8":{"start":{"line":22,"column":6},"end":{"line":22,"column":19}},"9":{"start":{"line":25,"column":4},"end":{"line":56,"column":5}},"10":{"start":{"line":26,"column":22},"end":{"line":33,"column":10}},"11":{"start":{"line":27,"column":8},"end":{"line":29,"column":9}},"12":{"start":{"line":28,"column":10},"end":{"line":28,"column":20}},"13":{"start":{"line":30,"column":21},"end":{"line":30,"column":35}},"14":{"start":{"line":31,"column":8},"end":{"line":31,"column":25}},"15":{"start":{"line":32,"column":8},"end":{"line":32,"column":20}},"16":{"start":{"line":35,"column":21},"end":{"line":35,"column":68}},"17":{"start":{"line":36,"column":6},"end":{"line":48,"column":7}},"18":{"start":{"line":37,"column":8},"end":{"line":46,"column":13}},"19":{"start":{"line":39,"column":12},"end":{"line":41,"column":13}},"20":{"start":{"line":40,"column":14},"end":{"line":40,"column":34}},"21":{"start":{"line":44,"column":12},"end":{"line":44,"column":84}},"22":{"start":{"line":45,"column":12},"end":{"line":45,"column":87}},"23":{"start":{"line":47,"column":8},"end":{"line":47,"column":20}},"24":{"start":{"line":50,"column":6},"end":{"line":52,"column":7}},"25":{"start":{"line":51,"column":8},"end":{"line":51,"column":29}},"26":{"start":{"line":54,"column":6},"end":{"line":54,"column":78}},"27":{"start":{"line":55,"column":6},"end":{"line":55,"column":81}},"28":{"start":{"line":58,"column":4},"end":{"line":58,"column":17}}},"fnMap":{"0":{"name":"createMessage","decl":{"start":{"line":3,"column":16},"end":{"line":3,"column":29}},"loc":{"start":{"line":3,"column":50},"end":{"line":5,"column":1}},"line":3},"1":{"name":"sendRuntimeMessage","decl":{"start":{"line":7,"column":16},"end":{"line":7,"column":34}},"loc":{"start":{"line":7,"column":55},"end":{"line":9,"column":1}},"line":7},"2":{"name":"sendTabMessage","decl":{"start":{"line":11,"column":16},"end":{"line":11,"column":30}},"loc":{"start":{"line":11,"column":58},"end":{"line":16,"column":1}},"line":11},"3":{"name":"addMessageListener","decl":{"start":{"line":18,"column":16},"end":{"line":18,"column":34}},"loc":{"start":{"line":18,"column":50},"end":{"line":60,"column":1}},"line":18},"4":{"name":"(anonymous_4)","decl":{"start":{"line":19,"column":39},"end":{"line":19,"column":40}},"loc":{"start":{"line":19,"column":74},"end":{"line":59,"column":3}},"line":19},"5":{"name":"(anonymous_5)","decl":{"start":{"line":26,"column":43},"end":{"line":26,"column":44}},"loc":{"start":{"line":26,"column":49},"end":{"line":33,"column":7}},"line":26},"6":{"name":"(anonymous_6)","decl":{"start":{"line":38,"column":16},"end":{"line":38,"column":17}},"loc":{"start":{"line":38,"column":27},"end":{"line":42,"column":11}},"line":38},"7":{"name":"(anonymous_7)","decl":{"start":{"line":43,"column":17},"end":{"line":43,"column":18}},"loc":{"start":{"line":43,"column":28},"end":{"line":46,"column":11}},"line":43}},"branchMap":{"0":{"loc":{"start":{"line":3,"column":36},"end":{"line":3,"column":48}},"type":"default-arg","locations":[{"start":{"line":3,"column":46},"end":{"line":3,"column":48}}],"line":3},"1":{"loc":{"start":{"line":7,"column":41},"end":{"line":7,"column":53}},"type":"default-arg","locations":[{"start":{"line":7,"column":51},"end":{"line":7,"column":53}}],"line":7},"2":{"loc":{"start":{"line":11,"column":44},"end":{"line":11,"column":56}},"type":"default-arg","locations":[{"start":{"line":11,"column":54},"end":{"line":11,"column":56}}],"line":11},"3":{"loc":{"start":{"line":12,"column":2},"end":{"line":14,"column":3}},"type":"if","locations":[{"start":{"line":12,"column":2},"end":{"line":14,"column":3}},{"start":{},"end":{}}],"line":12},"4":{"loc":{"start":{"line":18,"column":35},"end":{"line":18,"column":48}},"type":"default-arg","locations":[{"start":{"line":18,"column":46},"end":{"line":18,"column":48}}],"line":18},"5":{"loc":{"start":{"line":21,"column":4},"end":{"line":23,"column":5}},"type":"if","locations":[{"start":{"line":21,"column":4},"end":{"line":23,"column":5}},{"start":{},"end":{}}],"line":21},"6":{"loc":{"start":{"line":26,"column":22},"end":{"line":33,"column":10}},"type":"binary-expr","locations":[{"start":{"line":26,"column":22},"end":{"line":26,"column":38}},{"start":{"line":26,"column":42},"end":{"line":33,"column":10}}],"line":26},"7":{"loc":{"start":{"line":27,"column":8},"end":{"line":29,"column":9}},"type":"if","locations":[{"start":{"line":27,"column":8},"end":{"line":29,"column":9}},{"start":{},"end":{}}],"line":27},"8":{"loc":{"start":{"line":27,"column":12},"end":{"line":27,"column":51}},"type":"binary-expr","locations":[{"start":{"line":27,"column":12},"end":{"line":27,"column":20}},{"start":{"line":27,"column":24},"end":{"line":27,"column":51}}],"line":27},"9":{"loc":{"start":{"line":36,"column":6},"end":{"line":48,"column":7}},"type":"if","locations":[{"start":{"line":36,"column":6},"end":{"line":48,"column":7}},{"start":{},"end":{}}],"line":36},"10":{"loc":{"start":{"line":39,"column":12},"end":{"line":41,"column":13}},"type":"if","locations":[{"start":{"line":39,"column":12},"end":{"line":41,"column":13}},{"start":{},"end":{}}],"line":39},"11":{"loc":{"start":{"line":45,"column":50},"end":{"line":45,"column":83}},"type":"binary-expr","locations":[{"start":{"line":45,"column":50},"end":{"line":45,"column":64}},{"start":{"line":45,"column":68},"end":{"line":45,"column":83}}],"line":45},"12":{"loc":{"start":{"line":50,"column":6},"end":{"line":52,"column":7}},"type":"if","locations":[{"start":{"line":50,"column":6},"end":{"line":52,"column":7}},{"start":{},"end":{}}],"line":50},"13":{"loc":{"start":{"line":55,"column":44},"end":{"line":55,"column":77}},"type":"binary-expr","locations":[{"start":{"line":55,"column":44},"end":{"line":55,"column":58}},{"start":{"line":55,"column":62},"end":{"line":55,"column":77}}],"line":55}},"s":{"0":4,"1":2,"2":2,"3":1,"4":1,"5":2,"6":8,"7":8,"8":1,"9":7,"10":7,"11":4,"12":1,"13":3,"14":3,"15":3,"16":7,"17":6,"18":3,"19":2,"20":1,"21":1,"22":1,"23":3,"24":3,"25":1,"26":1,"27":1,"28":4},"f":{"0":4,"1":2,"2":2,"3":2,"4":8,"5":4,"6":2,"7":1},"b":{"0":[0],"1":[0],"2":[1],"3":[1,1],"4":[0],"5":[1,7],"6":[7,4],"7":[1,3],"8":[4,3],"9":[3,3],"10":[1,1],"11":[1,0],"12":[1,2],"13":[1,0]},"_coverageSchema":"1a1c01bbd47fc00a2c39e90264f33305004495a9","hash":"e5984a12836c8bccc1f96fdc0eda878e8c3df2f4"}
,"/Users/ademisler/Documents/GitHub/toolary/extension/core/toolLoader.js": {"path":"/Users/ademisler/Documents/GitHub/toolary/extension/core/toolLoader.js","statementMap":{"0":{"start":{"line":3,"column":20},"end":{"line":3,"column":29}},"1":{"start":{"line":6,"column":2},"end":{"line":6,"column":34}},"2":{"start":{"line":7,"column":2},"end":{"line":7,"column":16}},"3":{"start":{"line":11,"column":2},"end":{"line":15,"column":3}},"4":{"start":{"line":12,"column":4},"end":{"line":12,"column":31}},"5":{"start":{"line":14,"column":4},"end":{"line":14,"column":24}},"6":{"start":{"line":19,"column":2},"end":{"line":21,"column":3}},"7":{"start":{"line":20,"column":4},"end":{"line":20,"column":57}},"8":{"start":{"line":23,"column":2},"end":{"line":25,"column":3}},"9":{"start":{"line":24,"column":4},"end":{"line":24,"column":35}},"10":{"start":{"line":27,"column":24},"end":{"line":43,"column":4}},"11":{"start":{"line":28,"column":17},"end":{"line":28,"column":42}},"12":{"start":{"line":29,"column":4},"end":{"line":31,"column":5}},"13":{"start":{"line":30,"column":6},"end":{"line":30,"column":52}},"14":{"start":{"line":33,"column":22},"end":{"line":33,"column":56}},"15":{"start":{"line":34,"column":16},"end":{"line":34,"column":39}},"16":{"start":{"line":35,"column":4},"end":{"line":37,"column":5}},"17":{"start":{"line":36,"column":6},"end":{"line":36,"column":17}},"18":{"start":{"line":38,"column":4},"end":{"line":38,"column":61}},"19":{"start":{"line":40,"column":4},"end":{"line":40,"column":31}},"20":{"start":{"line":41,"column":4},"end":{"line":41,"column":69}},"21":{"start":{"line":42,"column":4},"end":{"line":42,"column":16}},"22":{"start":{"line":45,"column":2},"end":{"line":45,"column":44}},"23":{"start":{"line":49,"column":17},"end":{"line":49,"column":45}},"24":{"start":{"line":50,"column":2},"end":{"line":53,"column":3}},"25":{"start":{"line":51,"column":4},"end":{"line":51,"column":40}},"26":{"start":{"line":52,"column":4},"end":{"line":52,"column":16}},"27":{"start":{"line":54,"column":2},"end":{"line":54,"column":71}},"28":{"start":{"line":55,"column":2},"end":{"line":55,"column":15}}},"fnMap":{"0":{"name":"cacheModule","decl":{"start":{"line":5,"column":9},"end":{"line":5,"column":20}},"loc":{"start":{"line":5,"column":37},"end":{"line":8,"column":1}},"line":5},"1":{"name":"clearToolModule","decl":{"start":{"line":10,"column":16},"end":{"line":10,"column":31}},"loc":{"start":{"line":10,"column":40},"end":{"line":16,"column":1}},"line":10},"2":{"name":"loadToolModule","decl":{"start":{"line":18,"column":22},"end":{"line":18,"column":36}},"loc":{"start":{"line":18,"column":45},"end":{"line":46,"column":1}},"line":18},"3":{"name":"(anonymous_3)","decl":{"start":{"line":27,"column":25},"end":{"line":27,"column":26}},"loc":{"start":{"line":27,"column":37},"end":{"line":39,"column":3}},"line":27},"4":{"name":"(anonymous_4)","decl":{"start":{"line":39,"column":13},"end":{"line":39,"column":14}},"loc":{"start":{"line":39,"column":24},"end":{"line":43,"column":3}},"line":39},"5":{"name":"activateTool","decl":{"start":{"line":48,"column":22},"end":{"line":48,"column":34}},"loc":{"start":{"line":48,"column":63},"end":{"line":56,"column":1}},"line":48}},"branchMap":{"0":{"loc":{"start":{"line":11,"column":2},"end":{"line":15,"column":3}},"type":"if","locations":[{"start":{"line":11,"column":2},"end":{"line":15,"column":3}},{"start":{"line":13,"column":9},"end":{"line":15,"column":3}}],"line":11},"1":{"loc":{"start":{"line":19,"column":2},"end":{"line":21,"column":3}},"type":"if","locations":[{"start":{"line":19,"column":2},"end":{"line":21,"column":3}},{"start":{},"end":{}}],"line":19},"2":{"loc":{"start":{"line":23,"column":2},"end":{"line":25,"column":3}},"type":"if","locations":[{"start":{"line":23,"column":2},"end":{"line":25,"column":3}},{"start":{},"end":{}}],"line":23},"3":{"loc":{"start":{"line":29,"column":4},"end":{"line":31,"column":5}},"type":"if","locations":[{"start":{"line":29,"column":4},"end":{"line":31,"column":5}},{"start":{},"end":{}}],"line":29},"4":{"loc":{"start":{"line":35,"column":4},"end":{"line":37,"column":5}},"type":"if","locations":[{"start":{"line":35,"column":4},"end":{"line":37,"column":5}},{"start":{},"end":{}}],"line":35},"5":{"loc":{"start":{"line":50,"column":2},"end":{"line":53,"column":3}},"type":"if","locations":[{"start":{"line":50,"column":2},"end":{"line":53,"column":3}},{"start":{},"end":{}}],"line":50}},"s":{"0":3,"1":6,"2":6,"3":4,"4":3,"5":1,"6":7,"7":1,"8":6,"9":0,"10":6,"11":6,"12":6,"13":1,"14":5,"15":5,"16":4,"17":2,"18":2,"19":2,"20":2,"21":2,"22":6,"23":2,"24":2,"25":1,"26":1,"27":1,"28":1},"f":{"0":6,"1":4,"2":7,"3":6,"4":2,"5":2},"b":{"0":[3,1],"1":[1,6],"2":[0,6],"3":[1,5],"4":[2,2],"5":[1,1]},"_coverageSchema":"1a1c01bbd47fc00a2c39e90264f33305004495a9","hash":"02ec047ea0a195e3d4eabe80fe694e3e793f012e"}
,"/Users/ademisler/Documents/GitHub/toolary/extension/core/toolRegistry.js": {"path":"/Users/ademisler/Documents/GitHub/toolary/extension/core/toolRegistry.js","statementMap":{"0":{"start":{"line":3,"column":22},"end":{"line":3,"column":26}},"1":{"start":{"line":4,"column":15},"end":{"line":8,"column":1}},"2":{"start":{"line":11,"column":2},"end":{"line":13,"column":3}},"3":{"start":{"line":12,"column":4},"end":{"line":12,"column":27}},"4":{"start":{"line":15,"column":22},"end":{"line":15,"column":73}},"5":{"start":{"line":16,"column":2},"end":{"line":29,"column":7}},"6":{"start":{"line":18,"column":6},"end":{"line":20,"column":7}},"7":{"start":{"line":19,"column":8},"end":{"line":19,"column":78}},"8":{"start":{"line":21,"column":19},"end":{"line":21,"column":40}},"9":{"start":{"line":22,"column":6},"end":{"line":22,"column":28}},"10":{"start":{"line":23,"column":6},"end":{"line":23,"column":22}},"11":{"start":{"line":26,"column":6},"end":{"line":26,"column":29}},"12":{"start":{"line":27,"column":6},"end":{"line":27,"column":69}},"13":{"start":{"line":28,"column":6},"end":{"line":28,"column":18}},"14":{"start":{"line":31,"column":2},"end":{"line":31,"column":25}},"15":{"start":{"line":35,"column":21},"end":{"line":35,"column":43}},"16":{"start":{"line":36,"column":16},"end":{"line":36,"column":60}},"17":{"start":{"line":38,"column":20},"end":{"line":43,"column":3}},"18":{"start":{"line":40,"column":25},"end":{"line":40,"column":44}},"19":{"start":{"line":41,"column":6},"end":{"line":41,"column":41}},"20":{"start":{"line":45,"column":2},"end":{"line":49,"column":4}},"21":{"start":{"line":53,"column":13},"end":{"line":53,"column":27}},"22":{"start":{"line":54,"column":2},"end":{"line":56,"column":3}},"23":{"start":{"line":55,"column":4},"end":{"line":55,"column":54}},"24":{"start":{"line":58,"column":19},"end":{"line":62,"column":19}},"25":{"start":{"line":64,"column":2},"end":{"line":78,"column":4}},"26":{"start":{"line":82,"column":2},"end":{"line":82,"column":24}},"27":{"start":{"line":83,"column":2},"end":{"line":83,"column":18}},"28":{"start":{"line":87,"column":15},"end":{"line":87,"column":43}},"29":{"start":{"line":88,"column":2},"end":{"line":91,"column":5}},"30":{"start":{"line":89,"column":4},"end":{"line":89,"column":54}},"31":{"start":{"line":89,"column":29},"end":{"line":89,"column":54}},"32":{"start":{"line":90,"column":4},"end":{"line":90,"column":40}},"33":{"start":{"line":95,"column":2},"end":{"line":95,"column":27}},"34":{"start":{"line":95,"column":15},"end":{"line":95,"column":27}},"35":{"start":{"line":96,"column":15},"end":{"line":96,"column":43}},"36":{"start":{"line":97,"column":2},"end":{"line":97,"column":44}},"37":{"start":{"line":101,"column":15},"end":{"line":101,"column":43}},"38":{"start":{"line":102,"column":2},"end":{"line":102,"column":67}},"39":{"start":{"line":102,"column":37},"end":{"line":102,"column":65}},"40":{"start":{"line":106,"column":15},"end":{"line":106,"column":43}},"41":{"start":{"line":107,"column":2},"end":{"line":112,"column":39}},"42":{"start":{"line":108,"column":24},"end":{"line":111,"column":5}},"43":{"start":{"line":112,"column":20},"end":{"line":112,"column":37}},"44":{"start":{"line":116,"column":15},"end":{"line":116,"column":40}},"45":{"start":{"line":117,"column":2},"end":{"line":119,"column":3}},"46":{"start":{"line":118,"column":4},"end":{"line":118,"column":47}},"47":{"start":{"line":120,"column":21},"end":{"line":120,"column":32}},"48":{"start":{"line":121,"column":2},"end":{"line":123,"column":3}},"49":{"start":{"line":122,"column":4},"end":{"line":122,"column":60}},"50":{"start":{"line":124,"column":2},"end":{"line":124,"column":54}},"51":{"start":{"line":128,"column":2},"end":{"line":128,"column":25}},"52":{"start":{"line":129,"column":2},"end":{"line":133,"column":4}}},"fnMap":{"0":{"name":"fetchManifest","decl":{"start":{"line":10,"column":15},"end":{"line":10,"column":28}},"loc":{"start":{"line":10,"column":31},"end":{"line":32,"column":1}},"line":10},"1":{"name":"(anonymous_1)","decl":{"start":{"line":17,"column":10},"end":{"line":17,"column":11}},"loc":{"start":{"line":17,"column":30},"end":{"line":24,"column":5}},"line":17},"2":{"name":"(anonymous_2)","decl":{"start":{"line":25,"column":11},"end":{"line":25,"column":12}},"loc":{"start":{"line":25,"column":22},"end":{"line":29,"column":5}},"line":25},"3":{"name":"hydrateRegistry","decl":{"start":{"line":34,"column":9},"end":{"line":34,"column":24}},"loc":{"start":{"line":34,"column":31},"end":{"line":50,"column":1}},"line":34},"4":{"name":"(anonymous_4)","decl":{"start":{"line":39,"column":14},"end":{"line":39,"column":15}},"loc":{"start":{"line":39,"column":24},"end":{"line":42,"column":5}},"line":39},"5":{"name":"normalizeTool","decl":{"start":{"line":52,"column":9},"end":{"line":52,"column":22}},"loc":{"start":{"line":52,"column":29},"end":{"line":79,"column":1}},"line":52},"6":{"name":"ensureRegistryLoaded","decl":{"start":{"line":81,"column":22},"end":{"line":81,"column":42}},"loc":{"start":{"line":81,"column":45},"end":{"line":84,"column":1}},"line":81},"7":{"name":"getAllTools","decl":{"start":{"line":86,"column":22},"end":{"line":86,"column":33}},"loc":{"start":{"line":86,"column":36},"end":{"line":92,"column":1}},"line":86},"8":{"name":"(anonymous_8)","decl":{"start":{"line":88,"column":33},"end":{"line":88,"column":34}},"loc":{"start":{"line":88,"column":43},"end":{"line":91,"column":3}},"line":88},"9":{"name":"getToolById","decl":{"start":{"line":94,"column":22},"end":{"line":94,"column":33}},"loc":{"start":{"line":94,"column":42},"end":{"line":98,"column":1}},"line":94},"10":{"name":"getToolsByCategory","decl":{"start":{"line":100,"column":22},"end":{"line":100,"column":40}},"loc":{"start":{"line":100,"column":53},"end":{"line":103,"column":1}},"line":100},"11":{"name":"(anonymous_11)","decl":{"start":{"line":102,"column":27},"end":{"line":102,"column":28}},"loc":{"start":{"line":102,"column":37},"end":{"line":102,"column":65}},"line":102},"12":{"name":"getCategories","decl":{"start":{"line":105,"column":22},"end":{"line":105,"column":35}},"loc":{"start":{"line":105,"column":38},"end":{"line":113,"column":1}},"line":105},"13":{"name":"(anonymous_13)","decl":{"start":{"line":108,"column":9},"end":{"line":108,"column":10}},"loc":{"start":{"line":108,"column":24},"end":{"line":111,"column":5}},"line":108},"14":{"name":"(anonymous_14)","decl":{"start":{"line":112,"column":10},"end":{"line":112,"column":11}},"loc":{"start":{"line":112,"column":20},"end":{"line":112,"column":37}},"line":112},"15":{"name":"resolveToolModuleUrl","decl":{"start":{"line":115,"column":22},"end":{"line":115,"column":42}},"loc":{"start":{"line":115,"column":51},"end":{"line":125,"column":1}},"line":115},"16":{"name":"clearToolRegistryCache","decl":{"start":{"line":127,"column":16},"end":{"line":127,"column":38}},"loc":{"start":{"line":127,"column":41},"end":{"line":134,"column":1}},"line":127}},"branchMap":{"0":{"loc":{"start":{"line":11,"column":2},"end":{"line":13,"column":3}},"type":"if","locations":[{"start":{"line":11,"column":2},"end":{"line":13,"column":3}},{"start":{},"end":{}}],"line":11},"1":{"loc":{"start":{"line":18,"column":6},"end":{"line":20,"column":7}},"type":"if","locations":[{"start":{"line":18,"column":6},"end":{"line":20,"column":7}},{"start":{},"end":{}}],"line":18},"2":{"loc":{"start":{"line":35,"column":21},"end":{"line":35,"column":43}},"type":"binary-expr","locations":[{"start":{"line":35,"column":21},"end":{"line":35,"column":37}},{"start":{"line":35,"column":41},"end":{"line":35,"column":43}}],"line":35},"3":{"loc":{"start":{"line":36,"column":16},"end":{"line":36,"column":60}},"type":"cond-expr","locations":[{"start":{"line":36,"column":45},"end":{"line":36,"column":55}},{"start":{"line":36,"column":58},"end":{"line":36,"column":60}}],"line":36},"4":{"loc":{"start":{"line":53,"column":13},"end":{"line":53,"column":27}},"type":"binary-expr","locations":[{"start":{"line":53,"column":13},"end":{"line":53,"column":21}},{"start":{"line":53,"column":25},"end":{"line":53,"column":27}}],"line":53},"5":{"loc":{"start":{"line":54,"column":2},"end":{"line":56,"column":3}},"type":"if","locations":[{"start":{"line":54,"column":2},"end":{"line":56,"column":3}},{"start":{},"end":{}}],"line":54},"6":{"loc":{"start":{"line":58,"column":19},"end":{"line":62,"column":19}},"type":"cond-expr","locations":[{"start":{"line":59,"column":6},"end":{"line":59,"column":19}},{"start":{"line":60,"column":6},"end":{"line":62,"column":19}}],"line":58},"7":{"loc":{"start":{"line":58,"column":19},"end":{"line":58,"column":72}},"type":"binary-expr","locations":[{"start":{"line":58,"column":19},"end":{"line":58,"column":32}},{"start":{"line":58,"column":36},"end":{"line":58,"column":72}}],"line":58},"8":{"loc":{"start":{"line":60,"column":6},"end":{"line":62,"column":19}},"type":"cond-expr","locations":[{"start":{"line":61,"column":8},"end":{"line":61,"column":21}},{"start":{"line":62,"column":8},"end":{"line":62,"column":19}}],"line":60},"9":{"loc":{"start":{"line":66,"column":10},"end":{"line":66,"column":25}},"type":"binary-expr","locations":[{"start":{"line":66,"column":10},"end":{"line":66,"column":19}},{"start":{"line":66,"column":23},"end":{"line":66,"column":25}}],"line":66},"10":{"loc":{"start":{"line":68,"column":12},"end":{"line":68,"column":29}},"type":"binary-expr","locations":[{"start":{"line":68,"column":12},"end":{"line":68,"column":23}},{"start":{"line":68,"column":27},"end":{"line":68,"column":29}}],"line":68},"11":{"loc":{"start":{"line":69,"column":10},"end":{"line":69,"column":41}},"type":"binary-expr","locations":[{"start":{"line":69,"column":10},"end":{"line":69,"column":19}},{"start":{"line":69,"column":23},"end":{"line":69,"column":41}}],"line":69},"12":{"loc":{"start":{"line":70,"column":10},"end":{"line":70,"column":76}},"type":"cond-expr","locations":[{"start":{"line":70,"column":55},"end":{"line":70,"column":71}},{"start":{"line":70,"column":74},"end":{"line":70,"column":76}}],"line":70},"13":{"loc":{"start":{"line":70,"column":10},"end":{"line":70,"column":52}},"type":"binary-expr","locations":[{"start":{"line":70,"column":10},"end":{"line":70,"column":39}},{"start":{"line":70,"column":43},"end":{"line":70,"column":52}}],"line":70},"14":{"loc":{"start":{"line":71,"column":10},"end":{"line":71,"column":51}},"type":"cond-expr","locations":[{"start":{"line":71,"column":37},"end":{"line":71,"column":46}},{"start":{"line":71,"column":49},"end":{"line":71,"column":51}}],"line":71},"15":{"loc":{"start":{"line":72,"column":14},"end":{"line":72,"column":63}},"type":"cond-expr","locations":[{"start":{"line":72,"column":45},"end":{"line":72,"column":58}},{"start":{"line":72,"column":61},"end":{"line":72,"column":63}}],"line":72},"16":{"loc":{"start":{"line":73,"column":14},"end":{"line":73,"column":35}},"type":"binary-expr","locations":[{"start":{"line":73,"column":14},"end":{"line":73,"column":27}},{"start":{"line":73,"column":31},"end":{"line":73,"column":35}}],"line":73},"17":{"loc":{"start":{"line":74,"column":17},"end":{"line":74,"column":72}},"type":"cond-expr","locations":[{"start":{"line":74,"column":51},"end":{"line":74,"column":67}},{"start":{"line":74,"column":70},"end":{"line":74,"column":72}}],"line":74},"18":{"loc":{"start":{"line":76,"column":17},"end":{"line":76,"column":39}},"type":"binary-expr","locations":[{"start":{"line":76,"column":17},"end":{"line":76,"column":33}},{"start":{"line":76,"column":37},"end":{"line":76,"column":39}}],"line":76},"19":{"loc":{"start":{"line":77,"column":11},"end":{"line":77,"column":80}},"type":"cond-expr","locations":[{"start":{"line":77,"column":44},"end":{"line":77,"column":54}},{"start":{"line":77,"column":57},"end":{"line":77,"column":80}}],"line":77},"20":{"loc":{"start":{"line":89,"column":4},"end":{"line":89,"column":54}},"type":"if","locations":[{"start":{"line":89,"column":4},"end":{"line":89,"column":54}},{"start":{},"end":{}}],"line":89},"21":{"loc":{"start":{"line":95,"column":2},"end":{"line":95,"column":27}},"type":"if","locations":[{"start":{"line":95,"column":2},"end":{"line":95,"column":27}},{"start":{},"end":{}}],"line":95},"22":{"loc":{"start":{"line":97,"column":9},"end":{"line":97,"column":43}},"type":"binary-expr","locations":[{"start":{"line":97,"column":9},"end":{"line":97,"column":35}},{"start":{"line":97,"column":39},"end":{"line":97,"column":43}}],"line":97},"23":{"loc":{"start":{"line":110,"column":10},"end":{"line":110,"column":46}},"type":"binary-expr","locations":[{"start":{"line":110,"column":10},"end":{"line":110,"column":40}},{"start":{"line":110,"column":44},"end":{"line":110,"column":46}}],"line":110},"24":{"loc":{"start":{"line":117,"column":2},"end":{"line":119,"column":3}},"type":"if","locations":[{"start":{"line":117,"column":2},"end":{"line":119,"column":3}},{"start":{},"end":{}}],"line":117},"25":{"loc":{"start":{"line":121,"column":2},"end":{"line":123,"column":3}},"type":"if","locations":[{"start":{"line":121,"column":2},"end":{"line":123,"column":3}},{"start":{},"end":{}}],"line":121}},"s":{"0":9,"1":9,"2":26,"3":17,"4":9,"5":9,"6":9,"7":1,"8":8,"9":8,"10":7,"11":2,"12":2,"13":2,"14":9,"15":8,"16":8,"17":8,"18":16,"19":15,"20":7,"21":16,"22":16,"23":1,"24":15,"25":15,"26":26,"27":24,"28":1,"29":1,"30":2,"31":1,"32":1,"33":16,"34":0,"35":16,"36":16,"37":1,"38":1,"39":3,"40":1,"41":1,"42":4,"43":3,"44":8,"45":8,"46":1,"47":7,"48":7,"49":1,"50":6,"51":15,"52":15},"f":{"0":26,"1":9,"2":2,"3":8,"4":16,"5":16,"6":26,"7":1,"8":2,"9":16,"10":1,"11":3,"12":1,"13":4,"14":3,"15":8,"16":15},"b":{"0":[17,9],"1":[1,8],"2":[8,0],"3":[8,0],"4":[16,1],"5":[1,15],"6":[0,15],"7":[15,15],"8":[15,0],"9":[15,0],"10":[15,1],"11":[15,0],"12":[0,15],"13":[15,0],"14":[12,3],"15":[12,3],"16":[15,3],"17":[12,3],"18":[15,15],"19":[15,0],"20":[1,1],"21":[0,16],"22":[16,2],"23":[4,0],"24":[1,7],"25":[1,6]},"_coverageSchema":"1a1c01bbd47fc00a2c39e90264f33305004495a9","hash":"e742d82fa35d02d3647e1caac758fda4f4a45030"}
}
