{"/Users/ademisler/Documents/GitHub/toolary/extension/core/aiConfig.js": {"path":"/Users/ademisler/Documents/GitHub/toolary/extension/core/aiConfig.js","statementMap":{"0":{"start":{"line":4,"column":29},"end":{"line":7,"column":2}},"1":{"start":{"line":9,"column":34},"end":{"line":13,"column":2}},"2":{"start":{"line":15,"column":28},"end":{"line":55,"column":2}},"3":{"start":{"line":57,"column":33},"end":{"line":97,"column":2}},"4":{"start":{"line":101,"column":34},"end":{"line":104,"column":2}},"5":{"start":{"line":109,"column":2},"end":{"line":111,"column":3}},"6":{"start":{"line":110,"column":4},"end":{"line":110,"column":81}},"7":{"start":{"line":114,"column":20},"end":{"line":114,"column":46}},"8":{"start":{"line":115,"column":2},"end":{"line":117,"column":3}},"9":{"start":{"line":116,"column":4},"end":{"line":116,"column":76}},"10":{"start":{"line":120,"column":2},"end":{"line":120,"column":29}},"11":{"start":{"line":124,"column":29},"end":{"line":134,"column":2}}},"fnMap":{"0":{"name":"getModelForTool","decl":{"start":{"line":107,"column":16},"end":{"line":107,"column":31}},"loc":{"start":{"line":107,"column":65},"end":{"line":121,"column":1}},"line":107}},"branchMap":{"0":{"loc":{"start":{"line":107,"column":40},"end":{"line":107,"column":63}},"type":"default-arg","locations":[{"start":{"line":107,"column":57},"end":{"line":107,"column":63}}],"line":107},"1":{"loc":{"start":{"line":109,"column":2},"end":{"line":111,"column":3}},"type":"if","locations":[{"start":{"line":109,"column":2},"end":{"line":111,"column":3}},{"start":{},"end":{}}],"line":109},"2":{"loc":{"start":{"line":110,"column":11},"end":{"line":110,"column":80}},"type":"cond-expr","locations":[{"start":{"line":110,"column":40},"end":{"line":110,"column":59}},{"start":{"line":110,"column":62},"end":{"line":110,"column":80}}],"line":110},"3":{"loc":{"start":{"line":115,"column":2},"end":{"line":117,"column":3}},"type":"if","locations":[{"start":{"line":115,"column":2},"end":{"line":117,"column":3}},{"start":{},"end":{}}],"line":115},"4":{"loc":{"start":{"line":116,"column":11},"end":{"line":116,"column":75}},"type":"cond-expr","locations":[{"start":{"line":116,"column":35},"end":{"line":116,"column":54}},{"start":{"line":116,"column":57},"end":{"line":116,"column":75}}],"line":116}},"s":{"0":1,"1":1,"2":1,"3":1,"4":1,"5":0,"6":0,"7":0,"8":0,"9":0,"10":0,"11":1},"f":{"0":0},"b":{"0":[0],"1":[0,0],"2":[0,0],"3":[0,0],"4":[0,0]},"_coverageSchema":"1a1c01bbd47fc00a2c39e90264f33305004495a9","hash":"b6f2f5e62b1705b29d83411cb2586fc00875a1a3"}
,"/Users/ademisler/Documents/GitHub/toolary/extension/core/aiManager.js": {"path":"/Users/ademisler/Documents/GitHub/toolary/extension/core/aiManager.js","statementMap":{"0":{"start":{"line":9,"column":4},"end":{"line":9,"column":22}},"1":{"start":{"line":10,"column":4},"end":{"line":10,"column":29}},"2":{"start":{"line":11,"column":4},"end":{"line":11,"column":31}},"3":{"start":{"line":12,"column":4},"end":{"line":12,"column":38}},"4":{"start":{"line":13,"column":4},"end":{"line":13,"column":41}},"5":{"start":{"line":14,"column":4},"end":{"line":14,"column":31}},"6":{"start":{"line":19,"column":4},"end":{"line":19,"column":35}},"7":{"start":{"line":19,"column":28},"end":{"line":19,"column":35}},"8":{"start":{"line":21,"column":4},"end":{"line":28,"column":5}},"9":{"start":{"line":22,"column":6},"end":{"line":22,"column":31}},"10":{"start":{"line":23,"column":6},"end":{"line":23,"column":39}},"11":{"start":{"line":24,"column":6},"end":{"line":24,"column":32}},"12":{"start":{"line":26,"column":6},"end":{"line":26,"column":49}},"13":{"start":{"line":27,"column":6},"end":{"line":27,"column":18}},"14":{"start":{"line":33,"column":4},"end":{"line":51,"column":5}},"15":{"start":{"line":34,"column":21},"end":{"line":34,"column":70}},"16":{"start":{"line":35,"column":6},"end":{"line":35,"column":48}},"17":{"start":{"line":38,"column":6},"end":{"line":47,"column":9}},"18":{"start":{"line":39,"column":8},"end":{"line":46,"column":9}},"19":{"start":{"line":40,"column":10},"end":{"line":45,"column":13}},"20":{"start":{"line":49,"column":6},"end":{"line":49,"column":50}},"21":{"start":{"line":50,"column":6},"end":{"line":50,"column":24}},"22":{"start":{"line":56,"column":4},"end":{"line":73,"column":5}},"23":{"start":{"line":57,"column":6},"end":{"line":57,"column":26}},"24":{"start":{"line":58,"column":6},"end":{"line":58,"column":62}},"25":{"start":{"line":61,"column":6},"end":{"line":61,"column":29}},"26":{"start":{"line":62,"column":6},"end":{"line":69,"column":9}},"27":{"start":{"line":63,"column":8},"end":{"line":68,"column":11}},"28":{"start":{"line":71,"column":6},"end":{"line":71,"column":50}},"29":{"start":{"line":72,"column":6},"end":{"line":72,"column":18}},"30":{"start":{"line":78,"column":4},"end":{"line":86,"column":5}},"31":{"start":{"line":79,"column":21},"end":{"line":79,"column":92}},"32":{"start":{"line":80,"column":6},"end":{"line":80,"column":65}},"33":{"start":{"line":81,"column":6},"end":{"line":81,"column":71}},"34":{"start":{"line":83,"column":6},"end":{"line":83,"column":58}},"35":{"start":{"line":84,"column":6},"end":{"line":84,"column":40}},"36":{"start":{"line":85,"column":6},"end":{"line":85,"column":43}},"37":{"start":{"line":91,"column":4},"end":{"line":93,"column":5}},"38":{"start":{"line":92,"column":6},"end":{"line":92,"column":18}},"39":{"start":{"line":95,"column":16},"end":{"line":95,"column":26}},"40":{"start":{"line":96,"column":24},"end":{"line":96,"column":26}},"41":{"start":{"line":99,"column":4},"end":{"line":104,"column":5}},"42":{"start":{"line":99,"column":17},"end":{"line":99,"column":18}},"43":{"start":{"line":100,"column":21},"end":{"line":100,"column":42}},"44":{"start":{"line":101,"column":6},"end":{"line":103,"column":7}},"45":{"start":{"line":102,"column":8},"end":{"line":102,"column":69}},"46":{"start":{"line":106,"column":4},"end":{"line":108,"column":5}},"47":{"start":{"line":107,"column":6},"end":{"line":107,"column":18}},"48":{"start":{"line":111,"column":4},"end":{"line":111,"column":70}},"49":{"start":{"line":111,"column":31},"end":{"line":111,"column":68}},"50":{"start":{"line":114,"column":24},"end":{"line":114,"column":38}},"51":{"start":{"line":115,"column":4},"end":{"line":115,"column":38}},"52":{"start":{"line":117,"column":4},"end":{"line":117,"column":23}},"53":{"start":{"line":122,"column":23},"end":{"line":122,"column":65}},"54":{"start":{"line":123,"column":4},"end":{"line":123,"column":47}},"55":{"start":{"line":128,"column":23},"end":{"line":128,"column":68}},"56":{"start":{"line":130,"column":4},"end":{"line":142,"column":5}},"57":{"start":{"line":132,"column":26},"end":{"line":132,"column":80}},"58":{"start":{"line":133,"column":23},"end":{"line":133,"column":48}},"59":{"start":{"line":136,"column":6},"end":{"line":138,"column":7}},"60":{"start":{"line":137,"column":8},"end":{"line":137,"column":24}},"61":{"start":{"line":141,"column":6},"end":{"line":141,"column":18}},"62":{"start":{"line":144,"column":4},"end":{"line":144,"column":22}},"63":{"start":{"line":149,"column":21},"end":{"line":149,"column":56}},"64":{"start":{"line":151,"column":4},"end":{"line":153,"column":5}},"65":{"start":{"line":152,"column":6},"end":{"line":152,"column":16}},"66":{"start":{"line":155,"column":25},"end":{"line":155,"column":52}},"67":{"start":{"line":156,"column":4},"end":{"line":158,"column":5}},"68":{"start":{"line":157,"column":6},"end":{"line":157,"column":54}},"69":{"start":{"line":160,"column":4},"end":{"line":160,"column":14}},"70":{"start":{"line":165,"column":19},"end":{"line":165,"column":47}},"71":{"start":{"line":166,"column":4},"end":{"line":166,"column":24}},"72":{"start":{"line":166,"column":17},"end":{"line":166,"column":24}},"73":{"start":{"line":168,"column":4},"end":{"line":168,"column":24}},"74":{"start":{"line":171,"column":4},"end":{"line":174,"column":5}},"75":{"start":{"line":172,"column":6},"end":{"line":172,"column":31}},"76":{"start":{"line":173,"column":6},"end":{"line":173,"column":96}},"77":{"start":{"line":177,"column":4},"end":{"line":180,"column":5}},"78":{"start":{"line":178,"column":6},"end":{"line":178,"column":86}},"79":{"start":{"line":179,"column":6},"end":{"line":179,"column":98}},"80":{"start":{"line":185,"column":19},"end":{"line":185,"column":47}},"81":{"start":{"line":186,"column":4},"end":{"line":189,"column":5}},"82":{"start":{"line":187,"column":6},"end":{"line":187,"column":28}},"83":{"start":{"line":188,"column":6},"end":{"line":188,"column":30}},"84":{"start":{"line":199,"column":8},"end":{"line":199,"column":15}},"85":{"start":{"line":201,"column":4},"end":{"line":203,"column":5}},"86":{"start":{"line":202,"column":6},"end":{"line":202,"column":30}},"87":{"start":{"line":205,"column":4},"end":{"line":207,"column":5}},"88":{"start":{"line":206,"column":6},"end":{"line":206,"column":101}},"89":{"start":{"line":209,"column":18},"end":{"line":209,"column":63}},"90":{"start":{"line":210,"column":32},"end":{"line":210,"column":83}},"91":{"start":{"line":211,"column":27},"end":{"line":211,"column":55}},"92":{"start":{"line":214,"column":4},"end":{"line":238,"column":5}},"93":{"start":{"line":214,"column":23},"end":{"line":214,"column":24}},"94":{"start":{"line":215,"column":22},"end":{"line":215,"column":48}},"95":{"start":{"line":217,"column":6},"end":{"line":219,"column":7}},"96":{"start":{"line":218,"column":8},"end":{"line":218,"column":93}},"97":{"start":{"line":221,"column":6},"end":{"line":237,"column":7}},"98":{"start":{"line":222,"column":25},"end":{"line":222,"column":92}},"99":{"start":{"line":225,"column":8},"end":{"line":225,"column":43}},"100":{"start":{"line":227,"column":8},"end":{"line":227,"column":24}},"101":{"start":{"line":229,"column":8},"end":{"line":229,"column":26}},"102":{"start":{"line":230,"column":8},"end":{"line":230,"column":50}},"103":{"start":{"line":233,"column":8},"end":{"line":236,"column":9}},"104":{"start":{"line":234,"column":24},"end":{"line":234,"column":80}},"105":{"start":{"line":235,"column":10},"end":{"line":235,"column":67}},"106":{"start":{"line":235,"column":39},"end":{"line":235,"column":65}},"107":{"start":{"line":240,"column":4},"end":{"line":240,"column":70}},"108":{"start":{"line":245,"column":16},"end":{"line":245,"column":75}},"109":{"start":{"line":247,"column":21},"end":{"line":260,"column":6}},"110":{"start":{"line":262,"column":4},"end":{"line":278,"column":5}},"111":{"start":{"line":263,"column":24},"end":{"line":263,"column":45}},"112":{"start":{"line":264,"column":25},"end":{"line":264,"column":56}},"113":{"start":{"line":266,"column":6},"end":{"line":272,"column":7}},"114":{"start":{"line":267,"column":8},"end":{"line":267,"column":45}},"115":{"start":{"line":268,"column":13},"end":{"line":272,"column":7}},"116":{"start":{"line":269,"column":8},"end":{"line":269,"column":73}},"117":{"start":{"line":270,"column":13},"end":{"line":272,"column":7}},"118":{"start":{"line":271,"column":8},"end":{"line":271,"column":69}},"119":{"start":{"line":274,"column":20},"end":{"line":274,"column":43}},"120":{"start":{"line":275,"column":6},"end":{"line":275,"column":37}},"121":{"start":{"line":276,"column":6},"end":{"line":276,"column":32}},"122":{"start":{"line":277,"column":6},"end":{"line":277,"column":18}},"123":{"start":{"line":280,"column":17},"end":{"line":280,"column":38}},"124":{"start":{"line":282,"column":4},"end":{"line":284,"column":5}},"125":{"start":{"line":283,"column":6},"end":{"line":283,"column":65}},"126":{"start":{"line":286,"column":4},"end":{"line":286,"column":52}},"127":{"start":{"line":291,"column":16},"end":{"line":291,"column":26}},"128":{"start":{"line":292,"column":4},"end":{"line":312,"column":7}},"129":{"start":{"line":293,"column":21},"end":{"line":293,"column":46}},"130":{"start":{"line":294,"column":6},"end":{"line":296,"column":7}},"131":{"start":{"line":295,"column":8},"end":{"line":295,"column":62}},"132":{"start":{"line":298,"column":23},"end":{"line":298,"column":31}},"133":{"start":{"line":299,"column":6},"end":{"line":303,"column":7}},"134":{"start":{"line":300,"column":8},"end":{"line":300,"column":29}},"135":{"start":{"line":301,"column":13},"end":{"line":303,"column":7}},"136":{"start":{"line":302,"column":8},"end":{"line":302,"column":36}},"137":{"start":{"line":305,"column":6},"end":{"line":311,"column":8}},"138":{"start":{"line":317,"column":4},"end":{"line":317,"column":42}},"139":{"start":{"line":318,"column":4},"end":{"line":322,"column":5}},"140":{"start":{"line":319,"column":6},"end":{"line":319,"column":69}},"141":{"start":{"line":321,"column":6},"end":{"line":321,"column":61}},"142":{"start":{"line":327,"column":4},"end":{"line":327,"column":45}},"143":{"start":{"line":328,"column":4},"end":{"line":332,"column":5}},"144":{"start":{"line":329,"column":6},"end":{"line":329,"column":72}},"145":{"start":{"line":331,"column":6},"end":{"line":331,"column":64}},"146":{"start":{"line":337,"column":4},"end":{"line":362,"column":5}},"147":{"start":{"line":338,"column":25},"end":{"line":338,"column":75}},"148":{"start":{"line":339,"column":23},"end":{"line":339,"column":88}},"149":{"start":{"line":342,"column":6},"end":{"line":346,"column":7}},"150":{"start":{"line":343,"column":8},"end":{"line":343,"column":64}},"151":{"start":{"line":345,"column":8},"end":{"line":345,"column":76}},"152":{"start":{"line":348,"column":25},"end":{"line":348,"column":38}},"153":{"start":{"line":351,"column":6},"end":{"line":359,"column":7}},"154":{"start":{"line":352,"column":8},"end":{"line":352,"column":45}},"155":{"start":{"line":353,"column":13},"end":{"line":359,"column":7}},"156":{"start":{"line":354,"column":8},"end":{"line":354,"column":48}},"157":{"start":{"line":355,"column":13},"end":{"line":359,"column":7}},"158":{"start":{"line":356,"column":8},"end":{"line":356,"column":55}},"159":{"start":{"line":357,"column":13},"end":{"line":359,"column":7}},"160":{"start":{"line":358,"column":8},"end":{"line":358,"column":62}},"161":{"start":{"line":361,"column":6},"end":{"line":361,"column":51}},"162":{"start":{"line":367,"column":25},"end":{"line":367,"column":40}}},"fnMap":{"0":{"name":"(anonymous_0)","decl":{"start":{"line":8,"column":2},"end":{"line":8,"column":3}},"loc":{"start":{"line":8,"column":16},"end":{"line":15,"column":3}},"line":8},"1":{"name":"(anonymous_1)","decl":{"start":{"line":18,"column":2},"end":{"line":18,"column":3}},"loc":{"start":{"line":18,"column":21},"end":{"line":29,"column":3}},"line":18},"2":{"name":"(anonymous_2)","decl":{"start":{"line":32,"column":2},"end":{"line":32,"column":3}},"loc":{"start":{"line":32,"column":22},"end":{"line":52,"column":3}},"line":32},"3":{"name":"(anonymous_3)","decl":{"start":{"line":38,"column":27},"end":{"line":38,"column":28}},"loc":{"start":{"line":38,"column":43},"end":{"line":47,"column":7}},"line":38},"4":{"name":"(anonymous_4)","decl":{"start":{"line":55,"column":2},"end":{"line":55,"column":3}},"loc":{"start":{"line":55,"column":26},"end":{"line":74,"column":3}},"line":55},"5":{"name":"(anonymous_5)","decl":{"start":{"line":62,"column":19},"end":{"line":62,"column":20}},"loc":{"start":{"line":62,"column":33},"end":{"line":69,"column":7}},"line":62},"6":{"name":"(anonymous_6)","decl":{"start":{"line":77,"column":2},"end":{"line":77,"column":3}},"loc":{"start":{"line":77,"column":30},"end":{"line":87,"column":3}},"line":77},"7":{"name":"(anonymous_7)","decl":{"start":{"line":90,"column":2},"end":{"line":90,"column":3}},"loc":{"start":{"line":90,"column":24},"end":{"line":118,"column":3}},"line":90},"8":{"name":"(anonymous_8)","decl":{"start":{"line":111,"column":21},"end":{"line":111,"column":22}},"loc":{"start":{"line":111,"column":31},"end":{"line":111,"column":68}},"line":111},"9":{"name":"(anonymous_9)","decl":{"start":{"line":121,"column":2},"end":{"line":121,"column":3}},"loc":{"start":{"line":121,"column":45},"end":{"line":124,"column":3}},"line":121},"10":{"name":"(anonymous_10)","decl":{"start":{"line":127,"column":2},"end":{"line":127,"column":3}},"loc":{"start":{"line":127,"column":40},"end":{"line":145,"column":3}},"line":127},"11":{"name":"(anonymous_11)","decl":{"start":{"line":148,"column":2},"end":{"line":148,"column":3}},"loc":{"start":{"line":148,"column":48},"end":{"line":161,"column":3}},"line":148},"12":{"name":"(anonymous_12)","decl":{"start":{"line":164,"column":2},"end":{"line":164,"column":3}},"loc":{"start":{"line":164,"column":34},"end":{"line":181,"column":3}},"line":164},"13":{"name":"(anonymous_13)","decl":{"start":{"line":184,"column":2},"end":{"line":184,"column":3}},"loc":{"start":{"line":184,"column":27},"end":{"line":190,"column":3}},"line":184},"14":{"name":"(anonymous_14)","decl":{"start":{"line":193,"column":2},"end":{"line":193,"column":3}},"loc":{"start":{"line":193,"column":44},"end":{"line":241,"column":3}},"line":193},"15":{"name":"(anonymous_15)","decl":{"start":{"line":235,"column":28},"end":{"line":235,"column":29}},"loc":{"start":{"line":235,"column":39},"end":{"line":235,"column":65}},"line":235},"16":{"name":"(anonymous_16)","decl":{"start":{"line":244,"column":2},"end":{"line":244,"column":3}},"loc":{"start":{"line":244,"column":46},"end":{"line":287,"column":3}},"line":244},"17":{"name":"(anonymous_17)","decl":{"start":{"line":290,"column":2},"end":{"line":290,"column":3}},"loc":{"start":{"line":290,"column":20},"end":{"line":313,"column":3}},"line":290},"18":{"name":"(anonymous_18)","decl":{"start":{"line":292,"column":28},"end":{"line":292,"column":29}},"loc":{"start":{"line":292,"column":44},"end":{"line":312,"column":5}},"line":292},"19":{"name":"(anonymous_19)","decl":{"start":{"line":316,"column":2},"end":{"line":316,"column":3}},"loc":{"start":{"line":316,"column":43},"end":{"line":323,"column":3}},"line":316},"20":{"name":"(anonymous_20)","decl":{"start":{"line":326,"column":2},"end":{"line":326,"column":3}},"loc":{"start":{"line":326,"column":46},"end":{"line":333,"column":3}},"line":326},"21":{"name":"(anonymous_21)","decl":{"start":{"line":336,"column":2},"end":{"line":336,"column":3}},"loc":{"start":{"line":336,"column":27},"end":{"line":363,"column":3}},"line":336}},"branchMap":{"0":{"loc":{"start":{"line":19,"column":4},"end":{"line":19,"column":35}},"type":"if","locations":[{"start":{"line":19,"column":4},"end":{"line":19,"column":35}},{"start":{},"end":{}}],"line":19},"1":{"loc":{"start":{"line":35,"column":21},"end":{"line":35,"column":47}},"type":"binary-expr","locations":[{"start":{"line":35,"column":21},"end":{"line":35,"column":41}},{"start":{"line":35,"column":45},"end":{"line":35,"column":47}}],"line":35},"2":{"loc":{"start":{"line":39,"column":8},"end":{"line":46,"column":9}},"type":"if","locations":[{"start":{"line":39,"column":8},"end":{"line":46,"column":9}},{"start":{},"end":{}}],"line":39},"3":{"loc":{"start":{"line":80,"column":33},"end":{"line":80,"column":64}},"type":"binary-expr","locations":[{"start":{"line":80,"column":33},"end":{"line":80,"column":54}},{"start":{"line":80,"column":58},"end":{"line":80,"column":64}}],"line":80},"4":{"loc":{"start":{"line":81,"column":36},"end":{"line":81,"column":70}},"type":"binary-expr","locations":[{"start":{"line":81,"column":36},"end":{"line":81,"column":60}},{"start":{"line":81,"column":64},"end":{"line":81,"column":70}}],"line":81},"5":{"loc":{"start":{"line":91,"column":4},"end":{"line":93,"column":5}},"type":"if","locations":[{"start":{"line":91,"column":4},"end":{"line":93,"column":5}},{"start":{},"end":{}}],"line":91},"6":{"loc":{"start":{"line":101,"column":6},"end":{"line":103,"column":7}},"type":"if","locations":[{"start":{"line":101,"column":6},"end":{"line":103,"column":7}},{"start":{},"end":{}}],"line":101},"7":{"loc":{"start":{"line":101,"column":10},"end":{"line":101,"column":70}},"type":"binary-expr","locations":[{"start":{"line":101,"column":10},"end":{"line":101,"column":16}},{"start":{"line":101,"column":20},"end":{"line":101,"column":36}},{"start":{"line":101,"column":40},"end":{"line":101,"column":70}}],"line":101},"8":{"loc":{"start":{"line":106,"column":4},"end":{"line":108,"column":5}},"type":"if","locations":[{"start":{"line":106,"column":4},"end":{"line":108,"column":5}},{"start":{},"end":{}}],"line":106},"9":{"loc":{"start":{"line":121,"column":22},"end":{"line":121,"column":43}},"type":"default-arg","locations":[{"start":{"line":121,"column":39},"end":{"line":121,"column":43}}],"line":121},"10":{"loc":{"start":{"line":122,"column":23},"end":{"line":122,"column":65}},"type":"binary-expr","locations":[{"start":{"line":122,"column":23},"end":{"line":122,"column":37}},{"start":{"line":122,"column":41},"end":{"line":122,"column":65}}],"line":122},"11":{"loc":{"start":{"line":127,"column":17},"end":{"line":127,"column":38}},"type":"default-arg","locations":[{"start":{"line":127,"column":34},"end":{"line":127,"column":38}}],"line":127},"12":{"loc":{"start":{"line":128,"column":23},"end":{"line":128,"column":68}},"type":"binary-expr","locations":[{"start":{"line":128,"column":23},"end":{"line":128,"column":37}},{"start":{"line":128,"column":41},"end":{"line":128,"column":68}}],"line":128},"13":{"loc":{"start":{"line":130,"column":4},"end":{"line":142,"column":5}},"type":"if","locations":[{"start":{"line":130,"column":4},"end":{"line":142,"column":5}},{"start":{},"end":{}}],"line":130},"14":{"loc":{"start":{"line":132,"column":26},"end":{"line":132,"column":80}},"type":"binary-expr","locations":[{"start":{"line":132,"column":26},"end":{"line":132,"column":44}},{"start":{"line":132,"column":48},"end":{"line":132,"column":72}},{"start":{"line":132,"column":76},"end":{"line":132,"column":80}}],"line":132},"15":{"loc":{"start":{"line":136,"column":6},"end":{"line":138,"column":7}},"type":"if","locations":[{"start":{"line":136,"column":6},"end":{"line":138,"column":7}},{"start":{},"end":{}}],"line":136},"16":{"loc":{"start":{"line":148,"column":25},"end":{"line":148,"column":46}},"type":"default-arg","locations":[{"start":{"line":148,"column":42},"end":{"line":148,"column":46}}],"line":148},"17":{"loc":{"start":{"line":151,"column":4},"end":{"line":153,"column":5}},"type":"if","locations":[{"start":{"line":151,"column":4},"end":{"line":153,"column":5}},{"start":{},"end":{}}],"line":151},"18":{"loc":{"start":{"line":156,"column":4},"end":{"line":158,"column":5}},"type":"if","locations":[{"start":{"line":156,"column":4},"end":{"line":158,"column":5}},{"start":{},"end":{}}],"line":156},"19":{"loc":{"start":{"line":166,"column":4},"end":{"line":166,"column":24}},"type":"if","locations":[{"start":{"line":166,"column":4},"end":{"line":166,"column":24}},{"start":{},"end":{}}],"line":166},"20":{"loc":{"start":{"line":171,"column":4},"end":{"line":174,"column":5}},"type":"if","locations":[{"start":{"line":171,"column":4},"end":{"line":174,"column":5}},{"start":{},"end":{}}],"line":171},"21":{"loc":{"start":{"line":177,"column":4},"end":{"line":180,"column":5}},"type":"if","locations":[{"start":{"line":177,"column":4},"end":{"line":180,"column":5}},{"start":{},"end":{}}],"line":177},"22":{"loc":{"start":{"line":177,"column":8},"end":{"line":177,"column":54}},"type":"binary-expr","locations":[{"start":{"line":177,"column":8},"end":{"line":177,"column":21}},{"start":{"line":177,"column":25},"end":{"line":177,"column":54}}],"line":177},"23":{"loc":{"start":{"line":186,"column":4},"end":{"line":189,"column":5}},"type":"if","locations":[{"start":{"line":186,"column":4},"end":{"line":189,"column":5}},{"start":{},"end":{}}],"line":186},"24":{"loc":{"start":{"line":193,"column":30},"end":{"line":193,"column":42}},"type":"default-arg","locations":[{"start":{"line":193,"column":40},"end":{"line":193,"column":42}}],"line":193},"25":{"loc":{"start":{"line":195,"column":6},"end":{"line":195,"column":24}},"type":"default-arg","locations":[{"start":{"line":195,"column":15},"end":{"line":195,"column":24}}],"line":195},"26":{"loc":{"start":{"line":196,"column":6},"end":{"line":196,"column":51}},"type":"default-arg","locations":[{"start":{"line":196,"column":19},"end":{"line":196,"column":51}}],"line":196},"27":{"loc":{"start":{"line":197,"column":6},"end":{"line":197,"column":32}},"type":"default-arg","locations":[{"start":{"line":197,"column":28},"end":{"line":197,"column":32}}],"line":197},"28":{"loc":{"start":{"line":198,"column":6},"end":{"line":198,"column":35}},"type":"default-arg","locations":[{"start":{"line":198,"column":31},"end":{"line":198,"column":35}}],"line":198},"29":{"loc":{"start":{"line":201,"column":4},"end":{"line":203,"column":5}},"type":"if","locations":[{"start":{"line":201,"column":4},"end":{"line":203,"column":5}},{"start":{},"end":{}}],"line":201},"30":{"loc":{"start":{"line":205,"column":4},"end":{"line":207,"column":5}},"type":"if","locations":[{"start":{"line":205,"column":4},"end":{"line":207,"column":5}},{"start":{},"end":{}}],"line":205},"31":{"loc":{"start":{"line":217,"column":6},"end":{"line":219,"column":7}},"type":"if","locations":[{"start":{"line":217,"column":6},"end":{"line":219,"column":7}},{"start":{},"end":{}}],"line":217},"32":{"loc":{"start":{"line":233,"column":8},"end":{"line":236,"column":9}},"type":"if","locations":[{"start":{"line":233,"column":8},"end":{"line":236,"column":9}},{"start":{},"end":{}}],"line":233},"33":{"loc":{"start":{"line":240,"column":10},"end":{"line":240,"column":69}},"type":"binary-expr","locations":[{"start":{"line":240,"column":10},"end":{"line":240,"column":19}},{"start":{"line":240,"column":23},"end":{"line":240,"column":69}}],"line":240},"34":{"loc":{"start":{"line":262,"column":4},"end":{"line":278,"column":5}},"type":"if","locations":[{"start":{"line":262,"column":4},"end":{"line":278,"column":5}},{"start":{},"end":{}}],"line":262},"35":{"loc":{"start":{"line":266,"column":6},"end":{"line":272,"column":7}},"type":"if","locations":[{"start":{"line":266,"column":6},"end":{"line":272,"column":7}},{"start":{"line":268,"column":13},"end":{"line":272,"column":7}}],"line":266},"36":{"loc":{"start":{"line":268,"column":13},"end":{"line":272,"column":7}},"type":"if","locations":[{"start":{"line":268,"column":13},"end":{"line":272,"column":7}},{"start":{"line":270,"column":13},"end":{"line":272,"column":7}}],"line":268},"37":{"loc":{"start":{"line":270,"column":13},"end":{"line":272,"column":7}},"type":"if","locations":[{"start":{"line":270,"column":13},"end":{"line":272,"column":7}},{"start":{},"end":{}}],"line":270},"38":{"loc":{"start":{"line":282,"column":4},"end":{"line":284,"column":5}},"type":"if","locations":[{"start":{"line":282,"column":4},"end":{"line":284,"column":5}},{"start":{},"end":{}}],"line":282},"39":{"loc":{"start":{"line":282,"column":8},"end":{"line":282,"column":78}},"type":"binary-expr","locations":[{"start":{"line":282,"column":8},"end":{"line":282,"column":24}},{"start":{"line":282,"column":28},"end":{"line":282,"column":47}},{"start":{"line":282,"column":51},"end":{"line":282,"column":78}}],"line":282},"40":{"loc":{"start":{"line":294,"column":6},"end":{"line":296,"column":7}},"type":"if","locations":[{"start":{"line":294,"column":6},"end":{"line":296,"column":7}},{"start":{},"end":{}}],"line":294},"41":{"loc":{"start":{"line":299,"column":6},"end":{"line":303,"column":7}},"type":"if","locations":[{"start":{"line":299,"column":6},"end":{"line":303,"column":7}},{"start":{"line":301,"column":13},"end":{"line":303,"column":7}}],"line":299},"42":{"loc":{"start":{"line":301,"column":13},"end":{"line":303,"column":7}},"type":"if","locations":[{"start":{"line":301,"column":13},"end":{"line":303,"column":7}},{"start":{},"end":{}}],"line":301},"43":{"loc":{"start":{"line":342,"column":6},"end":{"line":346,"column":7}},"type":"if","locations":[{"start":{"line":342,"column":6},"end":{"line":346,"column":7}},{"start":{"line":344,"column":13},"end":{"line":346,"column":7}}],"line":342},"44":{"loc":{"start":{"line":342,"column":10},"end":{"line":342,"column":67}},"type":"binary-expr","locations":[{"start":{"line":342,"column":10},"end":{"line":342,"column":18}},{"start":{"line":342,"column":22},"end":{"line":342,"column":67}}],"line":342},"45":{"loc":{"start":{"line":351,"column":6},"end":{"line":359,"column":7}},"type":"if","locations":[{"start":{"line":351,"column":6},"end":{"line":359,"column":7}},{"start":{"line":353,"column":13},"end":{"line":359,"column":7}}],"line":351},"46":{"loc":{"start":{"line":353,"column":13},"end":{"line":359,"column":7}},"type":"if","locations":[{"start":{"line":353,"column":13},"end":{"line":359,"column":7}},{"start":{"line":355,"column":13},"end":{"line":359,"column":7}}],"line":353},"47":{"loc":{"start":{"line":355,"column":13},"end":{"line":359,"column":7}},"type":"if","locations":[{"start":{"line":355,"column":13},"end":{"line":359,"column":7}},{"start":{"line":357,"column":13},"end":{"line":359,"column":7}}],"line":355},"48":{"loc":{"start":{"line":357,"column":13},"end":{"line":359,"column":7}},"type":"if","locations":[{"start":{"line":357,"column":13},"end":{"line":359,"column":7}},{"start":{},"end":{}}],"line":357}},"s":{"0":1,"1":1,"2":1,"3":1,"4":1,"5":1,"6":0,"7":0,"8":0,"9":0,"10":0,"11":0,"12":0,"13":0,"14":0,"15":0,"16":0,"17":0,"18":0,"19":0,"20":0,"21":0,"22":0,"23":0,"24":0,"25":0,"26":0,"27":0,"28":0,"29":0,"30":0,"31":0,"32":0,"33":0,"34":0,"35":0,"36":0,"37":0,"38":0,"39":0,"40":0,"41":0,"42":0,"43":0,"44":0,"45":0,"46":0,"47":0,"48":0,"49":0,"50":0,"51":0,"52":0,"53":0,"54":0,"55":0,"56":0,"57":0,"58":0,"59":0,"60":0,"61":0,"62":0,"63":0,"64":0,"65":0,"66":0,"67":0,"68":0,"69":0,"70":0,"71":0,"72":0,"73":0,"74":0,"75":0,"76":0,"77":0,"78":0,"79":0,"80":0,"81":0,"82":0,"83":0,"84":0,"85":0,"86":0,"87":0,"88":0,"89":0,"90":0,"91":0,"92":0,"93":0,"94":0,"95":0,"96":0,"97":0,"98":0,"99":0,"100":0,"101":0,"102":0,"103":0,"104":0,"105":0,"106":0,"107":0,"108":0,"109":0,"110":0,"111":0,"112":0,"113":0,"114":0,"115":0,"116":0,"117":0,"118":0,"119":0,"120":0,"121":0,"122":0,"123":0,"124":0,"125":0,"126":0,"127":0,"128":0,"129":0,"130":0,"131":0,"132":0,"133":0,"134":0,"135":0,"136":0,"137":0,"138":0,"139":0,"140":0,"141":0,"142":0,"143":0,"144":0,"145":0,"146":0,"147":0,"148":0,"149":0,"150":0,"151":0,"152":0,"153":0,"154":0,"155":0,"156":0,"157":0,"158":0,"159":0,"160":0,"161":0,"162":1},"f":{"0":1,"1":0,"2":0,"3":0,"4":0,"5":0,"6":0,"7":0,"8":0,"9":0,"10":0,"11":0,"12":0,"13":0,"14":0,"15":0,"16":0,"17":0,"18":0,"19":0,"20":0,"21":0},"b":{"0":[0,0],"1":[0,0],"2":[0,0],"3":[0,0],"4":[0,0],"5":[0,0],"6":[0,0],"7":[0,0,0],"8":[0,0],"9":[0],"10":[0,0],"11":[0],"12":[0,0],"13":[0,0],"14":[0,0,0],"15":[0,0],"16":[0],"17":[0,0],"18":[0,0],"19":[0,0],"20":[0,0],"21":[0,0],"22":[0,0],"23":[0,0],"24":[0],"25":[0],"26":[0],"27":[0],"28":[0],"29":[0,0],"30":[0,0],"31":[0,0],"32":[0,0],"33":[0,0],"34":[0,0],"35":[0,0],"36":[0,0],"37":[0,0],"38":[0,0],"39":[0,0,0],"40":[0,0],"41":[0,0],"42":[0,0],"43":[0,0],"44":[0,0],"45":[0,0],"46":[0,0],"47":[0,0],"48":[0,0]},"_coverageSchema":"1a1c01bbd47fc00a2c39e90264f33305004495a9","hash":"7037f9b98c35171c9c4dafb67a582afdcf86d371"}
,"/Users/ademisler/Documents/GitHub/toolary/extension/core/coffeeMessages.js": {"path":"/Users/ademisler/Documents/GitHub/toolary/extension/core/coffeeMessages.js","statementMap":{"0":{"start":{"line":8,"column":17},"end":{"line":129,"column":1}},"1":{"start":{"line":136,"column":2},"end":{"line":149,"column":3}},"2":{"start":{"line":137,"column":23},"end":{"line":137,"column":50}},"3":{"start":{"line":139,"column":21},"end":{"line":139,"column":59}},"4":{"start":{"line":142,"column":4},"end":{"line":144,"column":5}},"5":{"start":{"line":143,"column":6},"end":{"line":143,"column":22}},"6":{"start":{"line":145,"column":4},"end":{"line":145,"column":16}},"7":{"start":{"line":147,"column":4},"end":{"line":147,"column":86}},"8":{"start":{"line":148,"column":4},"end":{"line":148,"column":16}},"9":{"start":{"line":158,"column":2},"end":{"line":176,"column":3}},"10":{"start":{"line":159,"column":21},"end":{"line":159,"column":37}},"11":{"start":{"line":160,"column":4},"end":{"line":163,"column":5}},"12":{"start":{"line":161,"column":6},"end":{"line":161,"column":77}},"13":{"start":{"line":162,"column":6},"end":{"line":162,"column":18}},"14":{"start":{"line":165,"column":21},"end":{"line":165,"column":41}},"15":{"start":{"line":166,"column":20},"end":{"line":166,"column":64}},"16":{"start":{"line":168,"column":4},"end":{"line":170,"column":5}},"17":{"start":{"line":169,"column":6},"end":{"line":169,"column":100}},"18":{"start":{"line":172,"column":4},"end":{"line":172,"column":19}},"19":{"start":{"line":174,"column":4},"end":{"line":174,"column":84}},"20":{"start":{"line":175,"column":4},"end":{"line":175,"column":16}},"21":{"start":{"line":185,"column":2},"end":{"line":185,"column":41}}},"fnMap":{"0":{"name":"getCurrentLanguage","decl":{"start":{"line":135,"column":16},"end":{"line":135,"column":34}},"loc":{"start":{"line":135,"column":37},"end":{"line":150,"column":1}},"line":135},"1":{"name":"getCoffeeMessage","decl":{"start":{"line":157,"column":16},"end":{"line":157,"column":32}},"loc":{"start":{"line":157,"column":41},"end":{"line":177,"column":1}},"line":157},"2":{"name":"hasCoffeeMessage","decl":{"start":{"line":184,"column":16},"end":{"line":184,"column":32}},"loc":{"start":{"line":184,"column":41},"end":{"line":186,"column":1}},"line":184}},"branchMap":{"0":{"loc":{"start":{"line":142,"column":4},"end":{"line":144,"column":5}},"type":"if","locations":[{"start":{"line":142,"column":4},"end":{"line":144,"column":5}},{"start":{},"end":{}}],"line":142},"1":{"loc":{"start":{"line":160,"column":4},"end":{"line":163,"column":5}},"type":"if","locations":[{"start":{"line":160,"column":4},"end":{"line":163,"column":5}},{"start":{},"end":{}}],"line":160},"2":{"loc":{"start":{"line":166,"column":20},"end":{"line":166,"column":64}},"type":"binary-expr","locations":[{"start":{"line":166,"column":20},"end":{"line":166,"column":38}},{"start":{"line":166,"column":42},"end":{"line":166,"column":56}},{"start":{"line":166,"column":60},"end":{"line":166,"column":64}}],"line":166},"3":{"loc":{"start":{"line":168,"column":4},"end":{"line":170,"column":5}},"type":"if","locations":[{"start":{"line":168,"column":4},"end":{"line":170,"column":5}},{"start":{},"end":{}}],"line":168}},"s":{"0":2,"1":2,"2":2,"3":0,"4":0,"5":0,"6":0,"7":2,"8":2,"9":2,"10":2,"11":2,"12":0,"13":0,"14":2,"15":2,"16":2,"17":0,"18":2,"19":0,"20":0,"21":0},"f":{"0":2,"1":2,"2":0},"b":{"0":[0,0],"1":[0,2],"2":[2,0,0],"3":[0,2]},"_coverageSchema":"1a1c01bbd47fc00a2c39e90264f33305004495a9","hash":"26ddbd3d64ba17eff9fb23a8fa87341f569593ab"}
,"/Users/ademisler/Documents/GitHub/toolary/extension/core/constants.js": {"path":"/Users/ademisler/Documents/GitHub/toolary/extension/core/constants.js","statementMap":{"0":{"start":{"line":1,"column":31},"end":{"line":32,"column":2}},"1":{"start":{"line":34,"column":38},"end":{"line":38,"column":1}},"2":{"start":{"line":36,"column":20},"end":{"line":36,"column":37}},"3":{"start":{"line":37,"column":21},"end":{"line":37,"column":32}},"4":{"start":{"line":40,"column":29},"end":{"line":52,"column":2}},"5":{"start":{"line":54,"column":33},"end":{"line":58,"column":2}},"6":{"start":{"line":60,"column":34},"end":{"line":60,"column":40}},"7":{"start":{"line":62,"column":25},"end":{"line":93,"column":2}}},"fnMap":{"0":{"name":"(anonymous_0)","decl":{"start":{"line":36,"column":10},"end":{"line":36,"column":11}},"loc":{"start":{"line":36,"column":20},"end":{"line":36,"column":37}},"line":36},"1":{"name":"(anonymous_1)","decl":{"start":{"line":37,"column":9},"end":{"line":37,"column":10}},"loc":{"start":{"line":37,"column":21},"end":{"line":37,"column":32}},"line":37}},"branchMap":{},"s":{"0":10,"1":10,"2":40,"3":50,"4":10,"5":10,"6":10,"7":10},"f":{"0":40,"1":50},"b":{},"_coverageSchema":"1a1c01bbd47fc00a2c39e90264f33305004495a9","hash":"f8a5a79a0c094eacd964f150f14beefbc3ee7ad3"}
,"/Users/ademisler/Documents/GitHub/toolary/extension/core/messageRouter.js": {"path":"/Users/ademisler/Documents/GitHub/toolary/extension/core/messageRouter.js","statementMap":{"0":{"start":{"line":4,"column":2},"end":{"line":4,"column":27}},"1":{"start":{"line":8,"column":2},"end":{"line":8,"column":66}},"2":{"start":{"line":12,"column":2},"end":{"line":14,"column":3}},"3":{"start":{"line":13,"column":4},"end":{"line":13,"column":63}},"4":{"start":{"line":15,"column":2},"end":{"line":15,"column":70}},"5":{"start":{"line":19,"column":2},"end":{"line":59,"column":5}},"6":{"start":{"line":20,"column":20},"end":{"line":20,"column":43}},"7":{"start":{"line":21,"column":4},"end":{"line":23,"column":5}},"8":{"start":{"line":22,"column":6},"end":{"line":22,"column":19}},"9":{"start":{"line":25,"column":4},"end":{"line":56,"column":5}},"10":{"start":{"line":26,"column":22},"end":{"line":33,"column":10}},"11":{"start":{"line":27,"column":8},"end":{"line":29,"column":9}},"12":{"start":{"line":28,"column":10},"end":{"line":28,"column":20}},"13":{"start":{"line":30,"column":21},"end":{"line":30,"column":35}},"14":{"start":{"line":31,"column":8},"end":{"line":31,"column":25}},"15":{"start":{"line":32,"column":8},"end":{"line":32,"column":20}},"16":{"start":{"line":35,"column":21},"end":{"line":35,"column":68}},"17":{"start":{"line":36,"column":6},"end":{"line":48,"column":7}},"18":{"start":{"line":37,"column":8},"end":{"line":46,"column":13}},"19":{"start":{"line":39,"column":12},"end":{"line":41,"column":13}},"20":{"start":{"line":40,"column":14},"end":{"line":40,"column":34}},"21":{"start":{"line":44,"column":12},"end":{"line":44,"column":84}},"22":{"start":{"line":45,"column":12},"end":{"line":45,"column":87}},"23":{"start":{"line":47,"column":8},"end":{"line":47,"column":20}},"24":{"start":{"line":50,"column":6},"end":{"line":52,"column":7}},"25":{"start":{"line":51,"column":8},"end":{"line":51,"column":29}},"26":{"start":{"line":54,"column":6},"end":{"line":54,"column":78}},"27":{"start":{"line":55,"column":6},"end":{"line":55,"column":81}},"28":{"start":{"line":58,"column":4},"end":{"line":58,"column":17}}},"fnMap":{"0":{"name":"createMessage","decl":{"start":{"line":3,"column":16},"end":{"line":3,"column":29}},"loc":{"start":{"line":3,"column":50},"end":{"line":5,"column":1}},"line":3},"1":{"name":"sendRuntimeMessage","decl":{"start":{"line":7,"column":16},"end":{"line":7,"column":34}},"loc":{"start":{"line":7,"column":55},"end":{"line":9,"column":1}},"line":7},"2":{"name":"sendTabMessage","decl":{"start":{"line":11,"column":16},"end":{"line":11,"column":30}},"loc":{"start":{"line":11,"column":58},"end":{"line":16,"column":1}},"line":11},"3":{"name":"addMessageListener","decl":{"start":{"line":18,"column":16},"end":{"line":18,"column":34}},"loc":{"start":{"line":18,"column":50},"end":{"line":60,"column":1}},"line":18},"4":{"name":"(anonymous_4)","decl":{"start":{"line":19,"column":39},"end":{"line":19,"column":40}},"loc":{"start":{"line":19,"column":74},"end":{"line":59,"column":3}},"line":19},"5":{"name":"(anonymous_5)","decl":{"start":{"line":26,"column":43},"end":{"line":26,"column":44}},"loc":{"start":{"line":26,"column":49},"end":{"line":33,"column":7}},"line":26},"6":{"name":"(anonymous_6)","decl":{"start":{"line":38,"column":16},"end":{"line":38,"column":17}},"loc":{"start":{"line":38,"column":27},"end":{"line":42,"column":11}},"line":38},"7":{"name":"(anonymous_7)","decl":{"start":{"line":43,"column":17},"end":{"line":43,"column":18}},"loc":{"start":{"line":43,"column":28},"end":{"line":46,"column":11}},"line":43}},"branchMap":{"0":{"loc":{"start":{"line":3,"column":36},"end":{"line":3,"column":48}},"type":"default-arg","locations":[{"start":{"line":3,"column":46},"end":{"line":3,"column":48}}],"line":3},"1":{"loc":{"start":{"line":7,"column":41},"end":{"line":7,"column":53}},"type":"default-arg","locations":[{"start":{"line":7,"column":51},"end":{"line":7,"column":53}}],"line":7},"2":{"loc":{"start":{"line":11,"column":44},"end":{"line":11,"column":56}},"type":"default-arg","locations":[{"start":{"line":11,"column":54},"end":{"line":11,"column":56}}],"line":11},"3":{"loc":{"start":{"line":12,"column":2},"end":{"line":14,"column":3}},"type":"if","locations":[{"start":{"line":12,"column":2},"end":{"line":14,"column":3}},{"start":{},"end":{}}],"line":12},"4":{"loc":{"start":{"line":18,"column":35},"end":{"line":18,"column":48}},"type":"default-arg","locations":[{"start":{"line":18,"column":46},"end":{"line":18,"column":48}}],"line":18},"5":{"loc":{"start":{"line":21,"column":4},"end":{"line":23,"column":5}},"type":"if","locations":[{"start":{"line":21,"column":4},"end":{"line":23,"column":5}},{"start":{},"end":{}}],"line":21},"6":{"loc":{"start":{"line":26,"column":22},"end":{"line":33,"column":10}},"type":"binary-expr","locations":[{"start":{"line":26,"column":22},"end":{"line":26,"column":38}},{"start":{"line":26,"column":42},"end":{"line":33,"column":10}}],"line":26},"7":{"loc":{"start":{"line":27,"column":8},"end":{"line":29,"column":9}},"type":"if","locations":[{"start":{"line":27,"column":8},"end":{"line":29,"column":9}},{"start":{},"end":{}}],"line":27},"8":{"loc":{"start":{"line":27,"column":12},"end":{"line":27,"column":51}},"type":"binary-expr","locations":[{"start":{"line":27,"column":12},"end":{"line":27,"column":20}},{"start":{"line":27,"column":24},"end":{"line":27,"column":51}}],"line":27},"9":{"loc":{"start":{"line":36,"column":6},"end":{"line":48,"column":7}},"type":"if","locations":[{"start":{"line":36,"column":6},"end":{"line":48,"column":7}},{"start":{},"end":{}}],"line":36},"10":{"loc":{"start":{"line":39,"column":12},"end":{"line":41,"column":13}},"type":"if","locations":[{"start":{"line":39,"column":12},"end":{"line":41,"column":13}},{"start":{},"end":{}}],"line":39},"11":{"loc":{"start":{"line":45,"column":50},"end":{"line":45,"column":83}},"type":"binary-expr","locations":[{"start":{"line":45,"column":50},"end":{"line":45,"column":64}},{"start":{"line":45,"column":68},"end":{"line":45,"column":83}}],"line":45},"12":{"loc":{"start":{"line":50,"column":6},"end":{"line":52,"column":7}},"type":"if","locations":[{"start":{"line":50,"column":6},"end":{"line":52,"column":7}},{"start":{},"end":{}}],"line":50},"13":{"loc":{"start":{"line":55,"column":44},"end":{"line":55,"column":77}},"type":"binary-expr","locations":[{"start":{"line":55,"column":44},"end":{"line":55,"column":58}},{"start":{"line":55,"column":62},"end":{"line":55,"column":77}}],"line":55}},"s":{"0":5,"1":3,"2":2,"3":1,"4":1,"5":2,"6":8,"7":8,"8":1,"9":7,"10":7,"11":4,"12":1,"13":3,"14":3,"15":3,"16":7,"17":6,"18":3,"19":2,"20":1,"21":1,"22":1,"23":3,"24":3,"25":1,"26":1,"27":1,"28":4},"f":{"0":5,"1":3,"2":2,"3":2,"4":8,"5":4,"6":2,"7":1},"b":{"0":[0],"1":[1],"2":[1],"3":[1,1],"4":[0],"5":[1,7],"6":[7,4],"7":[1,3],"8":[4,3],"9":[3,3],"10":[1,1],"11":[1,0],"12":[1,2],"13":[1,0]},"_coverageSchema":"1a1c01bbd47fc00a2c39e90264f33305004495a9","hash":"e5984a12836c8bccc1f96fdc0eda878e8c3df2f4"}
,"/Users/ademisler/Documents/GitHub/toolary/extension/core/toolLoader.js": {"path":"/Users/ademisler/Documents/GitHub/toolary/extension/core/toolLoader.js","statementMap":{"0":{"start":{"line":3,"column":20},"end":{"line":3,"column":29}},"1":{"start":{"line":6,"column":2},"end":{"line":6,"column":34}},"2":{"start":{"line":7,"column":2},"end":{"line":7,"column":16}},"3":{"start":{"line":11,"column":2},"end":{"line":15,"column":3}},"4":{"start":{"line":12,"column":4},"end":{"line":12,"column":31}},"5":{"start":{"line":14,"column":4},"end":{"line":14,"column":24}},"6":{"start":{"line":19,"column":2},"end":{"line":21,"column":3}},"7":{"start":{"line":20,"column":4},"end":{"line":20,"column":57}},"8":{"start":{"line":23,"column":2},"end":{"line":25,"column":3}},"9":{"start":{"line":24,"column":4},"end":{"line":24,"column":35}},"10":{"start":{"line":27,"column":24},"end":{"line":43,"column":4}},"11":{"start":{"line":28,"column":17},"end":{"line":28,"column":42}},"12":{"start":{"line":29,"column":4},"end":{"line":31,"column":5}},"13":{"start":{"line":30,"column":6},"end":{"line":30,"column":52}},"14":{"start":{"line":33,"column":22},"end":{"line":33,"column":56}},"15":{"start":{"line":34,"column":16},"end":{"line":34,"column":39}},"16":{"start":{"line":35,"column":4},"end":{"line":37,"column":5}},"17":{"start":{"line":36,"column":6},"end":{"line":36,"column":17}},"18":{"start":{"line":38,"column":4},"end":{"line":38,"column":61}},"19":{"start":{"line":40,"column":4},"end":{"line":40,"column":31}},"20":{"start":{"line":41,"column":4},"end":{"line":41,"column":69}},"21":{"start":{"line":42,"column":4},"end":{"line":42,"column":16}},"22":{"start":{"line":45,"column":2},"end":{"line":45,"column":44}},"23":{"start":{"line":49,"column":17},"end":{"line":49,"column":45}},"24":{"start":{"line":50,"column":2},"end":{"line":53,"column":3}},"25":{"start":{"line":51,"column":4},"end":{"line":51,"column":40}},"26":{"start":{"line":52,"column":4},"end":{"line":52,"column":16}},"27":{"start":{"line":54,"column":2},"end":{"line":54,"column":71}},"28":{"start":{"line":55,"column":2},"end":{"line":55,"column":15}}},"fnMap":{"0":{"name":"cacheModule","decl":{"start":{"line":5,"column":9},"end":{"line":5,"column":20}},"loc":{"start":{"line":5,"column":37},"end":{"line":8,"column":1}},"line":5},"1":{"name":"clearToolModule","decl":{"start":{"line":10,"column":16},"end":{"line":10,"column":31}},"loc":{"start":{"line":10,"column":40},"end":{"line":16,"column":1}},"line":10},"2":{"name":"loadToolModule","decl":{"start":{"line":18,"column":22},"end":{"line":18,"column":36}},"loc":{"start":{"line":18,"column":45},"end":{"line":46,"column":1}},"line":18},"3":{"name":"(anonymous_3)","decl":{"start":{"line":27,"column":25},"end":{"line":27,"column":26}},"loc":{"start":{"line":27,"column":37},"end":{"line":39,"column":3}},"line":27},"4":{"name":"(anonymous_4)","decl":{"start":{"line":39,"column":13},"end":{"line":39,"column":14}},"loc":{"start":{"line":39,"column":24},"end":{"line":43,"column":3}},"line":39},"5":{"name":"activateTool","decl":{"start":{"line":48,"column":22},"end":{"line":48,"column":34}},"loc":{"start":{"line":48,"column":63},"end":{"line":56,"column":1}},"line":48}},"branchMap":{"0":{"loc":{"start":{"line":11,"column":2},"end":{"line":15,"column":3}},"type":"if","locations":[{"start":{"line":11,"column":2},"end":{"line":15,"column":3}},{"start":{"line":13,"column":9},"end":{"line":15,"column":3}}],"line":11},"1":{"loc":{"start":{"line":19,"column":2},"end":{"line":21,"column":3}},"type":"if","locations":[{"start":{"line":19,"column":2},"end":{"line":21,"column":3}},{"start":{},"end":{}}],"line":19},"2":{"loc":{"start":{"line":23,"column":2},"end":{"line":25,"column":3}},"type":"if","locations":[{"start":{"line":23,"column":2},"end":{"line":25,"column":3}},{"start":{},"end":{}}],"line":23},"3":{"loc":{"start":{"line":29,"column":4},"end":{"line":31,"column":5}},"type":"if","locations":[{"start":{"line":29,"column":4},"end":{"line":31,"column":5}},{"start":{},"end":{}}],"line":29},"4":{"loc":{"start":{"line":35,"column":4},"end":{"line":37,"column":5}},"type":"if","locations":[{"start":{"line":35,"column":4},"end":{"line":37,"column":5}},{"start":{},"end":{}}],"line":35},"5":{"loc":{"start":{"line":50,"column":2},"end":{"line":53,"column":3}},"type":"if","locations":[{"start":{"line":50,"column":2},"end":{"line":53,"column":3}},{"start":{},"end":{}}],"line":50}},"s":{"0":3,"1":6,"2":6,"3":4,"4":3,"5":1,"6":7,"7":1,"8":6,"9":0,"10":6,"11":6,"12":6,"13":1,"14":5,"15":5,"16":4,"17":2,"18":2,"19":2,"20":2,"21":2,"22":6,"23":2,"24":2,"25":1,"26":1,"27":1,"28":1},"f":{"0":6,"1":4,"2":7,"3":6,"4":2,"5":2},"b":{"0":[3,1],"1":[1,6],"2":[0,6],"3":[1,5],"4":[2,2],"5":[1,1]},"_coverageSchema":"1a1c01bbd47fc00a2c39e90264f33305004495a9","hash":"02ec047ea0a195e3d4eabe80fe694e3e793f012e"}
,"/Users/ademisler/Documents/GitHub/toolary/extension/core/toolRegistry.js": {"path":"/Users/ademisler/Documents/GitHub/toolary/extension/core/toolRegistry.js","statementMap":{"0":{"start":{"line":3,"column":22},"end":{"line":3,"column":26}},"1":{"start":{"line":4,"column":15},"end":{"line":8,"column":1}},"2":{"start":{"line":11,"column":2},"end":{"line":13,"column":3}},"3":{"start":{"line":12,"column":4},"end":{"line":12,"column":27}},"4":{"start":{"line":15,"column":22},"end":{"line":15,"column":73}},"5":{"start":{"line":16,"column":2},"end":{"line":29,"column":7}},"6":{"start":{"line":18,"column":6},"end":{"line":20,"column":7}},"7":{"start":{"line":19,"column":8},"end":{"line":19,"column":78}},"8":{"start":{"line":21,"column":19},"end":{"line":21,"column":40}},"9":{"start":{"line":22,"column":6},"end":{"line":22,"column":28}},"10":{"start":{"line":23,"column":6},"end":{"line":23,"column":22}},"11":{"start":{"line":26,"column":6},"end":{"line":26,"column":29}},"12":{"start":{"line":27,"column":6},"end":{"line":27,"column":69}},"13":{"start":{"line":28,"column":6},"end":{"line":28,"column":18}},"14":{"start":{"line":31,"column":2},"end":{"line":31,"column":25}},"15":{"start":{"line":35,"column":21},"end":{"line":35,"column":43}},"16":{"start":{"line":36,"column":16},"end":{"line":36,"column":60}},"17":{"start":{"line":38,"column":20},"end":{"line":43,"column":3}},"18":{"start":{"line":40,"column":25},"end":{"line":40,"column":44}},"19":{"start":{"line":41,"column":6},"end":{"line":41,"column":41}},"20":{"start":{"line":45,"column":2},"end":{"line":49,"column":4}},"21":{"start":{"line":53,"column":13},"end":{"line":53,"column":27}},"22":{"start":{"line":54,"column":2},"end":{"line":56,"column":3}},"23":{"start":{"line":55,"column":4},"end":{"line":55,"column":54}},"24":{"start":{"line":58,"column":19},"end":{"line":62,"column":19}},"25":{"start":{"line":64,"column":2},"end":{"line":78,"column":4}},"26":{"start":{"line":82,"column":2},"end":{"line":82,"column":24}},"27":{"start":{"line":83,"column":2},"end":{"line":83,"column":18}},"28":{"start":{"line":87,"column":15},"end":{"line":87,"column":43}},"29":{"start":{"line":88,"column":2},"end":{"line":91,"column":5}},"30":{"start":{"line":89,"column":4},"end":{"line":89,"column":54}},"31":{"start":{"line":89,"column":29},"end":{"line":89,"column":54}},"32":{"start":{"line":90,"column":4},"end":{"line":90,"column":40}},"33":{"start":{"line":95,"column":2},"end":{"line":95,"column":27}},"34":{"start":{"line":95,"column":15},"end":{"line":95,"column":27}},"35":{"start":{"line":96,"column":15},"end":{"line":96,"column":43}},"36":{"start":{"line":97,"column":2},"end":{"line":97,"column":44}},"37":{"start":{"line":101,"column":15},"end":{"line":101,"column":43}},"38":{"start":{"line":102,"column":2},"end":{"line":102,"column":67}},"39":{"start":{"line":102,"column":37},"end":{"line":102,"column":65}},"40":{"start":{"line":106,"column":15},"end":{"line":106,"column":43}},"41":{"start":{"line":107,"column":2},"end":{"line":112,"column":39}},"42":{"start":{"line":108,"column":24},"end":{"line":111,"column":5}},"43":{"start":{"line":112,"column":20},"end":{"line":112,"column":37}},"44":{"start":{"line":116,"column":15},"end":{"line":116,"column":40}},"45":{"start":{"line":117,"column":2},"end":{"line":119,"column":3}},"46":{"start":{"line":118,"column":4},"end":{"line":118,"column":47}},"47":{"start":{"line":120,"column":21},"end":{"line":120,"column":32}},"48":{"start":{"line":121,"column":2},"end":{"line":123,"column":3}},"49":{"start":{"line":122,"column":4},"end":{"line":122,"column":60}},"50":{"start":{"line":124,"column":2},"end":{"line":124,"column":54}},"51":{"start":{"line":128,"column":2},"end":{"line":128,"column":25}},"52":{"start":{"line":129,"column":2},"end":{"line":133,"column":4}}},"fnMap":{"0":{"name":"fetchManifest","decl":{"start":{"line":10,"column":15},"end":{"line":10,"column":28}},"loc":{"start":{"line":10,"column":31},"end":{"line":32,"column":1}},"line":10},"1":{"name":"(anonymous_1)","decl":{"start":{"line":17,"column":10},"end":{"line":17,"column":11}},"loc":{"start":{"line":17,"column":30},"end":{"line":24,"column":5}},"line":17},"2":{"name":"(anonymous_2)","decl":{"start":{"line":25,"column":11},"end":{"line":25,"column":12}},"loc":{"start":{"line":25,"column":22},"end":{"line":29,"column":5}},"line":25},"3":{"name":"hydrateRegistry","decl":{"start":{"line":34,"column":9},"end":{"line":34,"column":24}},"loc":{"start":{"line":34,"column":31},"end":{"line":50,"column":1}},"line":34},"4":{"name":"(anonymous_4)","decl":{"start":{"line":39,"column":14},"end":{"line":39,"column":15}},"loc":{"start":{"line":39,"column":24},"end":{"line":42,"column":5}},"line":39},"5":{"name":"normalizeTool","decl":{"start":{"line":52,"column":9},"end":{"line":52,"column":22}},"loc":{"start":{"line":52,"column":29},"end":{"line":79,"column":1}},"line":52},"6":{"name":"ensureRegistryLoaded","decl":{"start":{"line":81,"column":22},"end":{"line":81,"column":42}},"loc":{"start":{"line":81,"column":45},"end":{"line":84,"column":1}},"line":81},"7":{"name":"getAllTools","decl":{"start":{"line":86,"column":22},"end":{"line":86,"column":33}},"loc":{"start":{"line":86,"column":36},"end":{"line":92,"column":1}},"line":86},"8":{"name":"(anonymous_8)","decl":{"start":{"line":88,"column":33},"end":{"line":88,"column":34}},"loc":{"start":{"line":88,"column":43},"end":{"line":91,"column":3}},"line":88},"9":{"name":"getToolById","decl":{"start":{"line":94,"column":22},"end":{"line":94,"column":33}},"loc":{"start":{"line":94,"column":42},"end":{"line":98,"column":1}},"line":94},"10":{"name":"getToolsByCategory","decl":{"start":{"line":100,"column":22},"end":{"line":100,"column":40}},"loc":{"start":{"line":100,"column":53},"end":{"line":103,"column":1}},"line":100},"11":{"name":"(anonymous_11)","decl":{"start":{"line":102,"column":27},"end":{"line":102,"column":28}},"loc":{"start":{"line":102,"column":37},"end":{"line":102,"column":65}},"line":102},"12":{"name":"getCategories","decl":{"start":{"line":105,"column":22},"end":{"line":105,"column":35}},"loc":{"start":{"line":105,"column":38},"end":{"line":113,"column":1}},"line":105},"13":{"name":"(anonymous_13)","decl":{"start":{"line":108,"column":9},"end":{"line":108,"column":10}},"loc":{"start":{"line":108,"column":24},"end":{"line":111,"column":5}},"line":108},"14":{"name":"(anonymous_14)","decl":{"start":{"line":112,"column":10},"end":{"line":112,"column":11}},"loc":{"start":{"line":112,"column":20},"end":{"line":112,"column":37}},"line":112},"15":{"name":"resolveToolModuleUrl","decl":{"start":{"line":115,"column":22},"end":{"line":115,"column":42}},"loc":{"start":{"line":115,"column":51},"end":{"line":125,"column":1}},"line":115},"16":{"name":"clearToolRegistryCache","decl":{"start":{"line":127,"column":16},"end":{"line":127,"column":38}},"loc":{"start":{"line":127,"column":41},"end":{"line":134,"column":1}},"line":127}},"branchMap":{"0":{"loc":{"start":{"line":11,"column":2},"end":{"line":13,"column":3}},"type":"if","locations":[{"start":{"line":11,"column":2},"end":{"line":13,"column":3}},{"start":{},"end":{}}],"line":11},"1":{"loc":{"start":{"line":18,"column":6},"end":{"line":20,"column":7}},"type":"if","locations":[{"start":{"line":18,"column":6},"end":{"line":20,"column":7}},{"start":{},"end":{}}],"line":18},"2":{"loc":{"start":{"line":35,"column":21},"end":{"line":35,"column":43}},"type":"binary-expr","locations":[{"start":{"line":35,"column":21},"end":{"line":35,"column":37}},{"start":{"line":35,"column":41},"end":{"line":35,"column":43}}],"line":35},"3":{"loc":{"start":{"line":36,"column":16},"end":{"line":36,"column":60}},"type":"cond-expr","locations":[{"start":{"line":36,"column":45},"end":{"line":36,"column":55}},{"start":{"line":36,"column":58},"end":{"line":36,"column":60}}],"line":36},"4":{"loc":{"start":{"line":53,"column":13},"end":{"line":53,"column":27}},"type":"binary-expr","locations":[{"start":{"line":53,"column":13},"end":{"line":53,"column":21}},{"start":{"line":53,"column":25},"end":{"line":53,"column":27}}],"line":53},"5":{"loc":{"start":{"line":54,"column":2},"end":{"line":56,"column":3}},"type":"if","locations":[{"start":{"line":54,"column":2},"end":{"line":56,"column":3}},{"start":{},"end":{}}],"line":54},"6":{"loc":{"start":{"line":58,"column":19},"end":{"line":62,"column":19}},"type":"cond-expr","locations":[{"start":{"line":59,"column":6},"end":{"line":59,"column":19}},{"start":{"line":60,"column":6},"end":{"line":62,"column":19}}],"line":58},"7":{"loc":{"start":{"line":58,"column":19},"end":{"line":58,"column":72}},"type":"binary-expr","locations":[{"start":{"line":58,"column":19},"end":{"line":58,"column":32}},{"start":{"line":58,"column":36},"end":{"line":58,"column":72}}],"line":58},"8":{"loc":{"start":{"line":60,"column":6},"end":{"line":62,"column":19}},"type":"cond-expr","locations":[{"start":{"line":61,"column":8},"end":{"line":61,"column":21}},{"start":{"line":62,"column":8},"end":{"line":62,"column":19}}],"line":60},"9":{"loc":{"start":{"line":66,"column":10},"end":{"line":66,"column":25}},"type":"binary-expr","locations":[{"start":{"line":66,"column":10},"end":{"line":66,"column":19}},{"start":{"line":66,"column":23},"end":{"line":66,"column":25}}],"line":66},"10":{"loc":{"start":{"line":68,"column":12},"end":{"line":68,"column":29}},"type":"binary-expr","locations":[{"start":{"line":68,"column":12},"end":{"line":68,"column":23}},{"start":{"line":68,"column":27},"end":{"line":68,"column":29}}],"line":68},"11":{"loc":{"start":{"line":69,"column":10},"end":{"line":69,"column":41}},"type":"binary-expr","locations":[{"start":{"line":69,"column":10},"end":{"line":69,"column":19}},{"start":{"line":69,"column":23},"end":{"line":69,"column":41}}],"line":69},"12":{"loc":{"start":{"line":70,"column":10},"end":{"line":70,"column":76}},"type":"cond-expr","locations":[{"start":{"line":70,"column":55},"end":{"line":70,"column":71}},{"start":{"line":70,"column":74},"end":{"line":70,"column":76}}],"line":70},"13":{"loc":{"start":{"line":70,"column":10},"end":{"line":70,"column":52}},"type":"binary-expr","locations":[{"start":{"line":70,"column":10},"end":{"line":70,"column":39}},{"start":{"line":70,"column":43},"end":{"line":70,"column":52}}],"line":70},"14":{"loc":{"start":{"line":71,"column":10},"end":{"line":71,"column":51}},"type":"cond-expr","locations":[{"start":{"line":71,"column":37},"end":{"line":71,"column":46}},{"start":{"line":71,"column":49},"end":{"line":71,"column":51}}],"line":71},"15":{"loc":{"start":{"line":72,"column":14},"end":{"line":72,"column":63}},"type":"cond-expr","locations":[{"start":{"line":72,"column":45},"end":{"line":72,"column":58}},{"start":{"line":72,"column":61},"end":{"line":72,"column":63}}],"line":72},"16":{"loc":{"start":{"line":73,"column":14},"end":{"line":73,"column":35}},"type":"binary-expr","locations":[{"start":{"line":73,"column":14},"end":{"line":73,"column":27}},{"start":{"line":73,"column":31},"end":{"line":73,"column":35}}],"line":73},"17":{"loc":{"start":{"line":74,"column":17},"end":{"line":74,"column":72}},"type":"cond-expr","locations":[{"start":{"line":74,"column":51},"end":{"line":74,"column":67}},{"start":{"line":74,"column":70},"end":{"line":74,"column":72}}],"line":74},"18":{"loc":{"start":{"line":76,"column":17},"end":{"line":76,"column":39}},"type":"binary-expr","locations":[{"start":{"line":76,"column":17},"end":{"line":76,"column":33}},{"start":{"line":76,"column":37},"end":{"line":76,"column":39}}],"line":76},"19":{"loc":{"start":{"line":77,"column":11},"end":{"line":77,"column":80}},"type":"cond-expr","locations":[{"start":{"line":77,"column":44},"end":{"line":77,"column":54}},{"start":{"line":77,"column":57},"end":{"line":77,"column":80}}],"line":77},"20":{"loc":{"start":{"line":89,"column":4},"end":{"line":89,"column":54}},"type":"if","locations":[{"start":{"line":89,"column":4},"end":{"line":89,"column":54}},{"start":{},"end":{}}],"line":89},"21":{"loc":{"start":{"line":95,"column":2},"end":{"line":95,"column":27}},"type":"if","locations":[{"start":{"line":95,"column":2},"end":{"line":95,"column":27}},{"start":{},"end":{}}],"line":95},"22":{"loc":{"start":{"line":97,"column":9},"end":{"line":97,"column":43}},"type":"binary-expr","locations":[{"start":{"line":97,"column":9},"end":{"line":97,"column":35}},{"start":{"line":97,"column":39},"end":{"line":97,"column":43}}],"line":97},"23":{"loc":{"start":{"line":110,"column":10},"end":{"line":110,"column":46}},"type":"binary-expr","locations":[{"start":{"line":110,"column":10},"end":{"line":110,"column":40}},{"start":{"line":110,"column":44},"end":{"line":110,"column":46}}],"line":110},"24":{"loc":{"start":{"line":117,"column":2},"end":{"line":119,"column":3}},"type":"if","locations":[{"start":{"line":117,"column":2},"end":{"line":119,"column":3}},{"start":{},"end":{}}],"line":117},"25":{"loc":{"start":{"line":121,"column":2},"end":{"line":123,"column":3}},"type":"if","locations":[{"start":{"line":121,"column":2},"end":{"line":123,"column":3}},{"start":{},"end":{}}],"line":121}},"s":{"0":9,"1":9,"2":26,"3":17,"4":9,"5":9,"6":9,"7":1,"8":8,"9":8,"10":7,"11":2,"12":2,"13":2,"14":9,"15":8,"16":8,"17":8,"18":16,"19":15,"20":7,"21":16,"22":16,"23":1,"24":15,"25":15,"26":26,"27":24,"28":1,"29":1,"30":2,"31":1,"32":1,"33":16,"34":0,"35":16,"36":16,"37":1,"38":1,"39":3,"40":1,"41":1,"42":5,"43":4,"44":8,"45":8,"46":1,"47":7,"48":7,"49":1,"50":6,"51":15,"52":15},"f":{"0":26,"1":9,"2":2,"3":8,"4":16,"5":16,"6":26,"7":1,"8":2,"9":16,"10":1,"11":3,"12":1,"13":5,"14":4,"15":8,"16":15},"b":{"0":[17,9],"1":[1,8],"2":[8,0],"3":[8,0],"4":[16,1],"5":[1,15],"6":[0,15],"7":[15,15],"8":[15,0],"9":[15,0],"10":[15,1],"11":[15,0],"12":[0,15],"13":[15,0],"14":[12,3],"15":[12,3],"16":[15,3],"17":[12,3],"18":[15,15],"19":[15,0],"20":[1,1],"21":[0,16],"22":[16,2],"23":[5,0],"24":[1,7],"25":[1,6]},"_coverageSchema":"1a1c01bbd47fc00a2c39e90264f33305004495a9","hash":"e742d82fa35d02d3647e1caac758fda4f4a45030"}
}
