TN:
SF:extension/core/constants.js
FN:30,(anonymous_0)
FN:31,(anonymous_1)
FNF:2
FNH:2
FNDA:30,(anonymous_0)
FNDA:40,(anonymous_1)
DA:1,10
DA:28,10
DA:30,30
DA:31,40
DA:34,10
DA:47,10
DA:53,10
LF:7
LH:7
BRF:0
BRH:0
end_of_record
TN:
SF:extension/core/messageRouter.js
FN:3,createMessage
FN:7,sendRuntimeMessage
FN:11,sendTabMessage
FN:18,addMessageListener
FN:19,(anonymous_4)
FN:26,(anonymous_5)
FN:38,(anonymous_6)
FN:43,(anonymous_7)
FNF:8
FNH:8
FNDA:4,createMessage
FNDA:2,sendRuntimeMessage
FNDA:2,sendTabMessage
FNDA:2,addMessageListener
FNDA:8,(anonymous_4)
FNDA:4,(anonymous_5)
FNDA:2,(anonymous_6)
FNDA:1,(anonymous_7)
DA:4,4
DA:8,2
DA:12,2
DA:13,1
DA:15,1
DA:19,2
DA:20,8
DA:21,8
DA:22,1
DA:25,7
DA:26,7
DA:27,4
DA:28,1
DA:30,3
DA:31,3
DA:32,3
DA:35,7
DA:36,6
DA:37,3
DA:39,2
DA:40,1
DA:44,1
DA:45,1
DA:47,3
DA:50,3
DA:51,1
DA:54,1
DA:55,1
DA:58,4
LF:29
LH:29
BRDA:3,0,0,0
BRDA:7,1,0,0
BRDA:11,2,0,1
BRDA:12,3,0,1
BRDA:12,3,1,1
BRDA:18,4,0,0
BRDA:21,5,0,1
BRDA:21,5,1,7
BRDA:26,6,0,7
BRDA:26,6,1,4
BRDA:27,7,0,1
BRDA:27,7,1,3
BRDA:27,8,0,4
BRDA:27,8,1,3
BRDA:36,9,0,3
BRDA:36,9,1,3
BRDA:39,10,0,1
BRDA:39,10,1,1
BRDA:45,11,0,1
BRDA:45,11,1,0
BRDA:50,12,0,1
BRDA:50,12,1,2
BRDA:55,13,0,1
BRDA:55,13,1,0
BRF:24
BRH:19
end_of_record
TN:
SF:extension/core/toolLoader.js
FN:5,cacheModule
FN:10,clearToolModule
FN:18,loadToolModule
FN:27,(anonymous_3)
FN:39,(anonymous_4)
FN:48,activateTool
FNF:6
FNH:6
FNDA:6,cacheModule
FNDA:4,clearToolModule
FNDA:7,loadToolModule
FNDA:6,(anonymous_3)
FNDA:2,(anonymous_4)
FNDA:2,activateTool
DA:3,3
DA:6,6
DA:7,6
DA:11,4
DA:12,3
DA:14,1
DA:19,7
DA:20,1
DA:23,6
DA:24,0
DA:27,6
DA:28,6
DA:29,6
DA:30,1
DA:33,5
DA:34,5
DA:35,4
DA:36,2
DA:38,2
DA:40,2
DA:41,2
DA:42,2
DA:45,6
DA:49,2
DA:50,2
DA:51,1
DA:52,1
DA:54,1
DA:55,1
LF:29
LH:28
BRDA:11,0,0,3
BRDA:11,0,1,1
BRDA:19,1,0,1
BRDA:19,1,1,6
BRDA:23,2,0,0
BRDA:23,2,1,6
BRDA:29,3,0,1
BRDA:29,3,1,5
BRDA:35,4,0,2
BRDA:35,4,1,2
BRDA:50,5,0,1
BRDA:50,5,1,1
BRF:12
BRH:11
end_of_record
TN:
SF:extension/core/toolRegistry.js
FN:10,fetchManifest
FN:17,(anonymous_1)
FN:25,(anonymous_2)
FN:34,hydrateRegistry
FN:39,(anonymous_4)
FN:52,normalizeTool
FN:81,ensureRegistryLoaded
FN:86,getAllTools
FN:88,(anonymous_8)
FN:94,getToolById
FN:100,getToolsByCategory
FN:102,(anonymous_11)
FN:105,getCategories
FN:108,(anonymous_13)
FN:112,(anonymous_14)
FN:115,resolveToolModuleUrl
FN:127,clearToolRegistryCache
FNF:17
FNH:17
FNDA:26,fetchManifest
FNDA:9,(anonymous_1)
FNDA:2,(anonymous_2)
FNDA:8,hydrateRegistry
FNDA:16,(anonymous_4)
FNDA:16,normalizeTool
FNDA:26,ensureRegistryLoaded
FNDA:1,getAllTools
FNDA:2,(anonymous_8)
FNDA:16,getToolById
FNDA:1,getToolsByCategory
FNDA:3,(anonymous_11)
FNDA:1,getCategories
FNDA:4,(anonymous_13)
FNDA:3,(anonymous_14)
FNDA:8,resolveToolModuleUrl
FNDA:15,clearToolRegistryCache
DA:3,9
DA:4,9
DA:11,26
DA:12,17
DA:15,9
DA:16,9
DA:18,9
DA:19,1
DA:21,8
DA:22,8
DA:23,7
DA:26,2
DA:27,2
DA:28,2
DA:31,9
DA:35,8
DA:36,8
DA:38,8
DA:40,16
DA:41,15
DA:45,7
DA:53,16
DA:54,16
DA:55,1
DA:58,15
DA:64,15
DA:82,26
DA:83,24
DA:87,1
DA:88,1
DA:89,2
DA:90,1
DA:95,16
DA:96,16
DA:97,16
DA:101,1
DA:102,3
DA:106,1
DA:107,1
DA:108,4
DA:112,3
DA:116,8
DA:117,8
DA:118,1
DA:120,7
DA:121,7
DA:122,1
DA:124,6
DA:128,15
DA:129,15
LF:50
LH:50
BRDA:11,0,0,17
BRDA:11,0,1,9
BRDA:18,1,0,1
BRDA:18,1,1,8
BRDA:35,2,0,8
BRDA:35,2,1,0
BRDA:36,3,0,8
BRDA:36,3,1,0
BRDA:53,4,0,16
BRDA:53,4,1,1
BRDA:54,5,0,1
BRDA:54,5,1,15
BRDA:58,6,0,0
BRDA:58,6,1,15
BRDA:58,7,0,15
BRDA:58,7,1,15
BRDA:60,8,0,15
BRDA:60,8,1,0
BRDA:66,9,0,15
BRDA:66,9,1,0
BRDA:68,10,0,15
BRDA:68,10,1,1
BRDA:69,11,0,15
BRDA:69,11,1,0
BRDA:70,12,0,0
BRDA:70,12,1,15
BRDA:70,13,0,15
BRDA:70,13,1,0
BRDA:71,14,0,12
BRDA:71,14,1,3
BRDA:72,15,0,12
BRDA:72,15,1,3
BRDA:73,16,0,15
BRDA:73,16,1,3
BRDA:74,17,0,12
BRDA:74,17,1,3
BRDA:76,18,0,15
BRDA:76,18,1,15
BRDA:77,19,0,15
BRDA:77,19,1,0
BRDA:89,20,0,1
BRDA:89,20,1,1
BRDA:95,21,0,0
BRDA:95,21,1,16
BRDA:97,22,0,16
BRDA:97,22,1,2
BRDA:110,23,0,4
BRDA:110,23,1,0
BRDA:117,24,0,1
BRDA:117,24,1,7
BRDA:121,25,0,1
BRDA:121,25,1,6
BRF:52
BRH:41
end_of_record
