TN:
SF:extension/core/aiConfig.js
FN:107,getModelForTool
FNF:1
FNH:0
FNDA:0,getModelForTool
DA:4,1
DA:9,1
DA:15,1
DA:57,1
DA:101,1
DA:109,0
DA:110,0
DA:114,0
DA:115,0
DA:116,0
DA:120,0
DA:124,1
LF:12
LH:6
BRDA:107,0,0,0
BRDA:109,1,0,0
BRDA:109,1,1,0
BRDA:110,2,0,0
BRDA:110,2,1,0
BRDA:115,3,0,0
BRDA:115,3,1,0
BRDA:116,4,0,0
BRDA:116,4,1,0
BRF:9
BRH:0
end_of_record
TN:
SF:extension/core/aiManager.js
FN:8,(anonymous_0)
FN:18,(anonymous_1)
FN:32,(anonymous_2)
FN:38,(anonymous_3)
FN:55,(anonymous_4)
FN:62,(anonymous_5)
FN:77,(anonymous_6)
FN:90,(anonymous_7)
FN:111,(anonymous_8)
FN:121,(anonymous_9)
FN:127,(anonymous_10)
FN:148,(anonymous_11)
FN:164,(anonymous_12)
FN:184,(anonymous_13)
FN:193,(anonymous_14)
FN:235,(anonymous_15)
FN:244,(anonymous_16)
FN:290,(anonymous_17)
FN:292,(anonymous_18)
FN:316,(anonymous_19)
FN:326,(anonymous_20)
FN:336,(anonymous_21)
FNF:22
FNH:1
FNDA:1,(anonymous_0)
FNDA:0,(anonymous_1)
FNDA:0,(anonymous_2)
FNDA:0,(anonymous_3)
FNDA:0,(anonymous_4)
FNDA:0,(anonymous_5)
FNDA:0,(anonymous_6)
FNDA:0,(anonymous_7)
FNDA:0,(anonymous_8)
FNDA:0,(anonymous_9)
FNDA:0,(anonymous_10)
FNDA:0,(anonymous_11)
FNDA:0,(anonymous_12)
FNDA:0,(anonymous_13)
FNDA:0,(anonymous_14)
FNDA:0,(anonymous_15)
FNDA:0,(anonymous_16)
FNDA:0,(anonymous_17)
FNDA:0,(anonymous_18)
FNDA:0,(anonymous_19)
FNDA:0,(anonymous_20)
FNDA:0,(anonymous_21)
DA:9,1
DA:10,1
DA:11,1
DA:12,1
DA:13,1
DA:14,1
DA:19,0
DA:21,0
DA:22,0
DA:23,0
DA:24,0
DA:26,0
DA:27,0
DA:33,0
DA:34,0
DA:35,0
DA:38,0
DA:39,0
DA:40,0
DA:49,0
DA:50,0
DA:56,0
DA:57,0
DA:58,0
DA:61,0
DA:62,0
DA:63,0
DA:71,0
DA:72,0
DA:78,0
DA:79,0
DA:80,0
DA:81,0
DA:83,0
DA:84,0
DA:85,0
DA:91,0
DA:92,0
DA:95,0
DA:96,0
DA:99,0
DA:100,0
DA:101,0
DA:102,0
DA:106,0
DA:107,0
DA:111,0
DA:114,0
DA:115,0
DA:117,0
DA:122,0
DA:123,0
DA:128,0
DA:130,0
DA:132,0
DA:133,0
DA:136,0
DA:137,0
DA:141,0
DA:144,0
DA:149,0
DA:151,0
DA:152,0
DA:155,0
DA:156,0
DA:157,0
DA:160,0
DA:165,0
DA:166,0
DA:168,0
DA:171,0
DA:172,0
DA:173,0
DA:177,0
DA:178,0
DA:179,0
DA:185,0
DA:186,0
DA:187,0
DA:188,0
DA:199,0
DA:201,0
DA:202,0
DA:205,0
DA:206,0
DA:209,0
DA:210,0
DA:211,0
DA:214,0
DA:215,0
DA:217,0
DA:218,0
DA:221,0
DA:222,0
DA:225,0
DA:227,0
DA:229,0
DA:230,0
DA:233,0
DA:234,0
DA:235,0
DA:240,0
DA:245,0
DA:247,0
DA:262,0
DA:263,0
DA:264,0
DA:266,0
DA:267,0
DA:268,0
DA:269,0
DA:270,0
DA:271,0
DA:274,0
DA:275,0
DA:276,0
DA:277,0
DA:280,0
DA:282,0
DA:283,0
DA:286,0
DA:291,0
DA:292,0
DA:293,0
DA:294,0
DA:295,0
DA:298,0
DA:299,0
DA:300,0
DA:301,0
DA:302,0
DA:305,0
DA:317,0
DA:318,0
DA:319,0
DA:321,0
DA:327,0
DA:328,0
DA:329,0
DA:331,0
DA:337,0
DA:338,0
DA:339,0
DA:342,0
DA:343,0
DA:345,0
DA:348,0
DA:351,0
DA:352,0
DA:353,0
DA:354,0
DA:355,0
DA:356,0
DA:357,0
DA:358,0
DA:361,0
DA:367,1
LF:157
LH:7
BRDA:19,0,0,0
BRDA:19,0,1,0
BRDA:35,1,0,0
BRDA:35,1,1,0
BRDA:39,2,0,0
BRDA:39,2,1,0
BRDA:80,3,0,0
BRDA:80,3,1,0
BRDA:81,4,0,0
BRDA:81,4,1,0
BRDA:91,5,0,0
BRDA:91,5,1,0
BRDA:101,6,0,0
BRDA:101,6,1,0
BRDA:101,7,0,0
BRDA:101,7,1,0
BRDA:101,7,2,0
BRDA:106,8,0,0
BRDA:106,8,1,0
BRDA:121,9,0,0
BRDA:122,10,0,0
BRDA:122,10,1,0
BRDA:127,11,0,0
BRDA:128,12,0,0
BRDA:128,12,1,0
BRDA:130,13,0,0
BRDA:130,13,1,0
BRDA:132,14,0,0
BRDA:132,14,1,0
BRDA:132,14,2,0
BRDA:136,15,0,0
BRDA:136,15,1,0
BRDA:148,16,0,0
BRDA:151,17,0,0
BRDA:151,17,1,0
BRDA:156,18,0,0
BRDA:156,18,1,0
BRDA:166,19,0,0
BRDA:166,19,1,0
BRDA:171,20,0,0
BRDA:171,20,1,0
BRDA:177,21,0,0
BRDA:177,21,1,0
BRDA:177,22,0,0
BRDA:177,22,1,0
BRDA:186,23,0,0
BRDA:186,23,1,0
BRDA:193,24,0,0
BRDA:195,25,0,0
BRDA:196,26,0,0
BRDA:197,27,0,0
BRDA:198,28,0,0
BRDA:201,29,0,0
BRDA:201,29,1,0
BRDA:205,30,0,0
BRDA:205,30,1,0
BRDA:217,31,0,0
BRDA:217,31,1,0
BRDA:233,32,0,0
BRDA:233,32,1,0
BRDA:240,33,0,0
BRDA:240,33,1,0
BRDA:262,34,0,0
BRDA:262,34,1,0
BRDA:266,35,0,0
BRDA:266,35,1,0
BRDA:268,36,0,0
BRDA:268,36,1,0
BRDA:270,37,0,0
BRDA:270,37,1,0
BRDA:282,38,0,0
BRDA:282,38,1,0
BRDA:282,39,0,0
BRDA:282,39,1,0
BRDA:282,39,2,0
BRDA:294,40,0,0
BRDA:294,40,1,0
BRDA:299,41,0,0
BRDA:299,41,1,0
BRDA:301,42,0,0
BRDA:301,42,1,0
BRDA:342,43,0,0
BRDA:342,43,1,0
BRDA:342,44,0,0
BRDA:342,44,1,0
BRDA:351,45,0,0
BRDA:351,45,1,0
BRDA:353,46,0,0
BRDA:353,46,1,0
BRDA:355,47,0,0
BRDA:355,47,1,0
BRDA:357,48,0,0
BRDA:357,48,1,0
BRF:93
BRH:0
end_of_record
TN:
SF:extension/core/coffeeMessages.js
FN:135,getCurrentLanguage
FN:157,getCoffeeMessage
FN:184,hasCoffeeMessage
FNF:3
FNH:2
FNDA:2,getCurrentLanguage
FNDA:2,getCoffeeMessage
FNDA:0,hasCoffeeMessage
DA:8,2
DA:136,2
DA:137,2
DA:139,0
DA:142,0
DA:143,0
DA:145,0
DA:147,2
DA:148,2
DA:158,2
DA:159,2
DA:160,2
DA:161,0
DA:162,0
DA:165,2
DA:166,2
DA:168,2
DA:169,0
DA:172,2
DA:174,0
DA:175,0
DA:185,0
LF:22
LH:12
BRDA:142,0,0,0
BRDA:142,0,1,0
BRDA:160,1,0,0
BRDA:160,1,1,2
BRDA:166,2,0,2
BRDA:166,2,1,0
BRDA:166,2,2,0
BRDA:168,3,0,0
BRDA:168,3,1,2
BRF:9
BRH:3
end_of_record
TN:
SF:extension/core/constants.js
FN:36,(anonymous_0)
FN:37,(anonymous_1)
FNF:2
FNH:2
FNDA:40,(anonymous_0)
FNDA:50,(anonymous_1)
DA:1,10
DA:34,10
DA:36,40
DA:37,50
DA:40,10
DA:54,10
DA:60,10
DA:62,10
LF:8
LH:8
BRF:0
BRH:0
end_of_record
TN:
SF:extension/core/messageRouter.js
FN:3,createMessage
FN:7,sendRuntimeMessage
FN:11,sendTabMessage
FN:18,addMessageListener
FN:19,(anonymous_4)
FN:26,(anonymous_5)
FN:38,(anonymous_6)
FN:43,(anonymous_7)
FNF:8
FNH:8
FNDA:5,createMessage
FNDA:3,sendRuntimeMessage
FNDA:2,sendTabMessage
FNDA:2,addMessageListener
FNDA:8,(anonymous_4)
FNDA:4,(anonymous_5)
FNDA:2,(anonymous_6)
FNDA:1,(anonymous_7)
DA:4,5
DA:8,3
DA:12,2
DA:13,1
DA:15,1
DA:19,2
DA:20,8
DA:21,8
DA:22,1
DA:25,7
DA:26,7
DA:27,4
DA:28,1
DA:30,3
DA:31,3
DA:32,3
DA:35,7
DA:36,6
DA:37,3
DA:39,2
DA:40,1
DA:44,1
DA:45,1
DA:47,3
DA:50,3
DA:51,1
DA:54,1
DA:55,1
DA:58,4
LF:29
LH:29
BRDA:3,0,0,0
BRDA:7,1,0,1
BRDA:11,2,0,1
BRDA:12,3,0,1
BRDA:12,3,1,1
BRDA:18,4,0,0
BRDA:21,5,0,1
BRDA:21,5,1,7
BRDA:26,6,0,7
BRDA:26,6,1,4
BRDA:27,7,0,1
BRDA:27,7,1,3
BRDA:27,8,0,4
BRDA:27,8,1,3
BRDA:36,9,0,3
BRDA:36,9,1,3
BRDA:39,10,0,1
BRDA:39,10,1,1
BRDA:45,11,0,1
BRDA:45,11,1,0
BRDA:50,12,0,1
BRDA:50,12,1,2
BRDA:55,13,0,1
BRDA:55,13,1,0
BRF:24
BRH:20
end_of_record
TN:
SF:extension/core/toolLoader.js
FN:5,cacheModule
FN:10,clearToolModule
FN:18,loadToolModule
FN:27,(anonymous_3)
FN:39,(anonymous_4)
FN:48,activateTool
FNF:6
FNH:6
FNDA:6,cacheModule
FNDA:4,clearToolModule
FNDA:7,loadToolModule
FNDA:6,(anonymous_3)
FNDA:2,(anonymous_4)
FNDA:2,activateTool
DA:3,3
DA:6,6
DA:7,6
DA:11,4
DA:12,3
DA:14,1
DA:19,7
DA:20,1
DA:23,6
DA:24,0
DA:27,6
DA:28,6
DA:29,6
DA:30,1
DA:33,5
DA:34,5
DA:35,4
DA:36,2
DA:38,2
DA:40,2
DA:41,2
DA:42,2
DA:45,6
DA:49,2
DA:50,2
DA:51,1
DA:52,1
DA:54,1
DA:55,1
LF:29
LH:28
BRDA:11,0,0,3
BRDA:11,0,1,1
BRDA:19,1,0,1
BRDA:19,1,1,6
BRDA:23,2,0,0
BRDA:23,2,1,6
BRDA:29,3,0,1
BRDA:29,3,1,5
BRDA:35,4,0,2
BRDA:35,4,1,2
BRDA:50,5,0,1
BRDA:50,5,1,1
BRF:12
BRH:11
end_of_record
TN:
SF:extension/core/toolRegistry.js
FN:10,fetchManifest
FN:17,(anonymous_1)
FN:25,(anonymous_2)
FN:34,hydrateRegistry
FN:39,(anonymous_4)
FN:52,normalizeTool
FN:81,ensureRegistryLoaded
FN:86,getAllTools
FN:88,(anonymous_8)
FN:94,getToolById
FN:100,getToolsByCategory
FN:102,(anonymous_11)
FN:105,getCategories
FN:108,(anonymous_13)
FN:112,(anonymous_14)
FN:115,resolveToolModuleUrl
FN:127,clearToolRegistryCache
FNF:17
FNH:17
FNDA:26,fetchManifest
FNDA:9,(anonymous_1)
FNDA:2,(anonymous_2)
FNDA:8,hydrateRegistry
FNDA:16,(anonymous_4)
FNDA:16,normalizeTool
FNDA:26,ensureRegistryLoaded
FNDA:1,getAllTools
FNDA:2,(anonymous_8)
FNDA:16,getToolById
FNDA:1,getToolsByCategory
FNDA:3,(anonymous_11)
FNDA:1,getCategories
FNDA:5,(anonymous_13)
FNDA:4,(anonymous_14)
FNDA:8,resolveToolModuleUrl
FNDA:15,clearToolRegistryCache
DA:3,9
DA:4,9
DA:11,26
DA:12,17
DA:15,9
DA:16,9
DA:18,9
DA:19,1
DA:21,8
DA:22,8
DA:23,7
DA:26,2
DA:27,2
DA:28,2
DA:31,9
DA:35,8
DA:36,8
DA:38,8
DA:40,16
DA:41,15
DA:45,7
DA:53,16
DA:54,16
DA:55,1
DA:58,15
DA:64,15
DA:82,26
DA:83,24
DA:87,1
DA:88,1
DA:89,2
DA:90,1
DA:95,16
DA:96,16
DA:97,16
DA:101,1
DA:102,3
DA:106,1
DA:107,1
DA:108,5
DA:112,4
DA:116,8
DA:117,8
DA:118,1
DA:120,7
DA:121,7
DA:122,1
DA:124,6
DA:128,15
DA:129,15
LF:50
LH:50
BRDA:11,0,0,17
BRDA:11,0,1,9
BRDA:18,1,0,1
BRDA:18,1,1,8
BRDA:35,2,0,8
BRDA:35,2,1,0
BRDA:36,3,0,8
BRDA:36,3,1,0
BRDA:53,4,0,16
BRDA:53,4,1,1
BRDA:54,5,0,1
BRDA:54,5,1,15
BRDA:58,6,0,0
BRDA:58,6,1,15
BRDA:58,7,0,15
BRDA:58,7,1,15
BRDA:60,8,0,15
BRDA:60,8,1,0
BRDA:66,9,0,15
BRDA:66,9,1,0
BRDA:68,10,0,15
BRDA:68,10,1,1
BRDA:69,11,0,15
BRDA:69,11,1,0
BRDA:70,12,0,0
BRDA:70,12,1,15
BRDA:70,13,0,15
BRDA:70,13,1,0
BRDA:71,14,0,12
BRDA:71,14,1,3
BRDA:72,15,0,12
BRDA:72,15,1,3
BRDA:73,16,0,15
BRDA:73,16,1,3
BRDA:74,17,0,12
BRDA:74,17,1,3
BRDA:76,18,0,15
BRDA:76,18,1,15
BRDA:77,19,0,15
BRDA:77,19,1,0
BRDA:89,20,0,1
BRDA:89,20,1,1
BRDA:95,21,0,0
BRDA:95,21,1,16
BRDA:97,22,0,16
BRDA:97,22,1,2
BRDA:110,23,0,5
BRDA:110,23,1,0
BRDA:117,24,0,1
BRDA:117,24,1,7
BRDA:121,25,0,1
BRDA:121,25,1,6
BRF:52
BRH:41
end_of_record
